2014/05/26 10:18:38 [error] [exception.CException] exception 'CException' with message 'SiteController and its behaviors do not have a method or closure named "getDbConnection".' in /home/tokmakov/www/dr1/vendor/yiisoft/yii/framework/base/CComponent.php:266
Stack trace:
#0 /home/tokmakov/www/dr1/protected/controllers/SiteController.php(30): CComponent->__call('getDbConnection', Array)
#1 /home/tokmakov/www/dr1/protected/controllers/SiteController.php(30): SiteController->getDbConnection()
#2 /home/tokmakov/www/dr1/vendor/yiisoft/yii/framework/web/actions/CInlineAction.php(49): SiteController->actionIndex()
#3 /home/tokmakov/www/dr1/vendor/yiisoft/yii/framework/web/CController.php(308): CInlineAction->runWithParams(Array)
#4 /home/tokmakov/www/dr1/vendor/yiisoft/yii/framework/web/CController.php(286): CController->runAction(Object(CInlineAction))
#5 /home/tokmakov/www/dr1/vendor/yiisoft/yii/framework/web/CController.php(265): CController->runActionWithFilters(Object(CInlineAction), Array)
#6 /home/tokmakov/www/dr1/vendor/yiisoft/yii/framework/web/CWebApplication.php(282): CController->run('')
#7 /home/tokmakov/www/dr1/vendor/yiisoft/yii/framework/web/CWebApplication.php(141): CWebApplication->runController('')
#8 /home/tokmakov/www/dr1/vendor/yiisoft/yii/framework/base/CApplication.php(184): CWebApplication->processRequest()
#9 /home/tokmakov/www/dr1/index.php(13): CApplication->run()
#10 {main}
REQUEST_URI=/
---
2014/05/26 10:22:54 [error] [php] Undefined variable: id (/home/tokmakov/www/dr1/protected/controllers/SiteController.php:34)
Stack trace:
#0 /home/tokmakov/www/dr1/vendor/yiisoft/yii/framework/web/CController.php(286): SiteController->runAction()
#1 /home/tokmakov/www/dr1/vendor/yiisoft/yii/framework/web/CController.php(265): SiteController->runActionWithFilters()
#2 /home/tokmakov/www/dr1/vendor/yiisoft/yii/framework/web/CWebApplication.php(282): SiteController->run()
#3 /home/tokmakov/www/dr1/vendor/yiisoft/yii/framework/web/CWebApplication.php(141): CWebApplication->runController()
#4 /home/tokmakov/www/dr1/vendor/yiisoft/yii/framework/base/CApplication.php(184): CWebApplication->processRequest()
#5 /home/tokmakov/www/dr1/index.php(13): CWebApplication->run()
REQUEST_URI=/
in /home/tokmakov/www/dr1/protected/controllers/SiteController.php (34)
in /home/tokmakov/www/dr1/index.php (13)
2014/05/26 10:23:04 [error] [exception.CException] exception 'CException' with message 'SiteController and its behaviors do not have a method or closure named "getDbConnection".' in /home/tokmakov/www/dr1/vendor/yiisoft/yii/framework/base/CComponent.php:266
Stack trace:
#0 /home/tokmakov/www/dr1/protected/controllers/SiteController.php(34): CComponent->__call('getDbConnection', Array)
#1 /home/tokmakov/www/dr1/protected/controllers/SiteController.php(34): SiteController->getDbConnection()
#2 /home/tokmakov/www/dr1/vendor/yiisoft/yii/framework/web/actions/CInlineAction.php(49): SiteController->actionIndex()
#3 /home/tokmakov/www/dr1/vendor/yiisoft/yii/framework/web/CController.php(308): CInlineAction->runWithParams(Array)
#4 /home/tokmakov/www/dr1/vendor/yiisoft/yii/framework/web/CController.php(286): CController->runAction(Object(CInlineAction))
#5 /home/tokmakov/www/dr1/vendor/yiisoft/yii/framework/web/CController.php(265): CController->runActionWithFilters(Object(CInlineAction), Array)
#6 /home/tokmakov/www/dr1/vendor/yiisoft/yii/framework/web/CWebApplication.php(282): CController->run('')
#7 /home/tokmakov/www/dr1/vendor/yiisoft/yii/framework/web/CWebApplication.php(141): CWebApplication->runController('')
#8 /home/tokmakov/www/dr1/vendor/yiisoft/yii/framework/base/CApplication.php(184): CWebApplication->processRequest()
#9 /home/tokmakov/www/dr1/index.php(13): CApplication->run()
#10 {main}
REQUEST_URI=/
---
2014/05/26 10:26:51 [error] [system.db.CDbCommand] Error in preparing SQL: show tables;
in /home/tokmakov/www/dr1/protected/controllers/SiteController.php (31)
in /home/tokmakov/www/dr1/index.php (13)
2014/05/26 10:26:51 [error] [system.db.CDbCommand] CDbCommand::fetchAll() failed: CDbCommand failed to prepare the SQL statement: SQLSTATE[HY000]: General error: 1 near "show": syntax error. The SQL statement executed was: show tables;.
in /home/tokmakov/www/dr1/protected/controllers/SiteController.php (31)
in /home/tokmakov/www/dr1/index.php (13)
2014/05/26 10:26:51 [error] [exception.CDbException] exception 'CDbException' with message 'CDbCommand failed to execute the SQL statement: CDbCommand failed to prepare the SQL statement: SQLSTATE[HY000]: General error: 1 near "show": syntax error. The SQL statement executed was: show tables;' in /home/tokmakov/www/dr1/vendor/yiisoft/yii/framework/db/CDbCommand.php:543
Stack trace:
#0 /home/tokmakov/www/dr1/vendor/yiisoft/yii/framework/db/CDbCommand.php(396): CDbCommand->queryInternal('fetchAll', Array, Array)
#1 /home/tokmakov/www/dr1/protected/controllers/SiteController.php(31): CDbCommand->queryAll()
#2 /home/tokmakov/www/dr1/vendor/yiisoft/yii/framework/web/actions/CInlineAction.php(49): SiteController->actionIndex()
#3 /home/tokmakov/www/dr1/vendor/yiisoft/yii/framework/web/CController.php(308): CInlineAction->runWithParams(Array)
#4 /home/tokmakov/www/dr1/vendor/yiisoft/yii/framework/web/CController.php(286): CController->runAction(Object(CInlineAction))
#5 /home/tokmakov/www/dr1/vendor/yiisoft/yii/framework/web/CController.php(265): CController->runActionWithFilters(Object(CInlineAction), Array)
#6 /home/tokmakov/www/dr1/vendor/yiisoft/yii/framework/web/CWebApplication.php(282): CController->run('')
#7 /home/tokmakov/www/dr1/vendor/yiisoft/yii/framework/web/CWebApplication.php(141): CWebApplication->runController('')
#8 /home/tokmakov/www/dr1/vendor/yiisoft/yii/framework/base/CApplication.php(184): CWebApplication->processRequest()
#9 /home/tokmakov/www/dr1/index.php(13): CApplication->run()
#10 {main}
REQUEST_URI=/
---
2014/05/26 12:04:23 [error] [exception.CException] exception 'CException' with message 'Curl and its behaviors do not have a method or closure named "handleCurl".' in /home/tokmakov/www/dr1/vendor/yiisoft/yii/framework/base/CComponent.php:266
Stack trace:
#0 /home/tokmakov/www/dr1/protected/controllers/SiteController.php(33): CComponent->__call('handleCurl', Array)
#1 /home/tokmakov/www/dr1/protected/controllers/SiteController.php(33): Curl->handleCurl()
#2 /home/tokmakov/www/dr1/vendor/yiisoft/yii/framework/web/actions/CInlineAction.php(49): SiteController->actionIndex()
#3 /home/tokmakov/www/dr1/vendor/yiisoft/yii/framework/web/CController.php(308): CInlineAction->runWithParams(Array)
#4 /home/tokmakov/www/dr1/vendor/yiisoft/yii/framework/web/CController.php(286): CController->runAction(Object(CInlineAction))
#5 /home/tokmakov/www/dr1/vendor/yiisoft/yii/framework/web/CController.php(265): CController->runActionWithFilters(Object(CInlineAction), Array)
#6 /home/tokmakov/www/dr1/vendor/yiisoft/yii/framework/web/CWebApplication.php(282): CController->run('')
#7 /home/tokmakov/www/dr1/vendor/yiisoft/yii/framework/web/CWebApplication.php(141): CWebApplication->runController('')
#8 /home/tokmakov/www/dr1/vendor/yiisoft/yii/framework/base/CApplication.php(184): CWebApplication->processRequest()
#9 /home/tokmakov/www/dr1/index.php(19): CApplication->run()
#10 {main}
REQUEST_URI=/
---
2014/05/26 12:06:28 [error] [php] Missing argument 1 for Curl::run(), called in /home/tokmakov/www/dr1/protected/controllers/SiteController.php on line 33 and defined (/home/tokmakov/www/dr1/protected/extensions/curl/Curl.php:378)
Stack trace:
#0 /home/tokmakov/www/dr1/vendor/yiisoft/yii/framework/web/CController.php(308): CInlineAction->runWithParams()
#1 /home/tokmakov/www/dr1/vendor/yiisoft/yii/framework/web/CController.php(286): SiteController->runAction()
#2 /home/tokmakov/www/dr1/vendor/yiisoft/yii/framework/web/CController.php(265): SiteController->runActionWithFilters()
#3 /home/tokmakov/www/dr1/vendor/yiisoft/yii/framework/web/CWebApplication.php(282): SiteController->run()
#4 /home/tokmakov/www/dr1/vendor/yiisoft/yii/framework/web/CWebApplication.php(141): CWebApplication->runController()
#5 /home/tokmakov/www/dr1/vendor/yiisoft/yii/framework/base/CApplication.php(184): CWebApplication->processRequest()
#6 /home/tokmakov/www/dr1/index.php(19): CWebApplication->run()
REQUEST_URI=/
in /home/tokmakov/www/dr1/protected/extensions/curl/Curl.php (378)
in /home/tokmakov/www/dr1/protected/controllers/SiteController.php (33)
in /home/tokmakov/www/dr1/index.php (19)
2014/05/26 12:13:16 [error] [exception.CException] exception 'CException' with message 'post_data must be an array type' in /home/tokmakov/www/dr1/protected/extensions/curl/Curl.php:318
Stack trace:
#0 [internal function]: Curl->handleCurl('https://api.twi...', 'grant_type=clie...')
#1 /home/tokmakov/www/dr1/protected/extensions/curl/Curl.php(382): ReflectionMethod->invokeArgs(Object(Curl), Array)
#2 /home/tokmakov/www/dr1/protected/controllers/SiteController.php(31): Curl->run('https://api.twi...', 'grant_type=clie...')
#3 /home/tokmakov/www/dr1/vendor/yiisoft/yii/framework/web/actions/CInlineAction.php(49): SiteController->actionIndex()
#4 /home/tokmakov/www/dr1/vendor/yiisoft/yii/framework/web/CController.php(308): CInlineAction->runWithParams(Array)
#5 /home/tokmakov/www/dr1/vendor/yiisoft/yii/framework/web/CController.php(286): CController->runAction(Object(CInlineAction))
#6 /home/tokmakov/www/dr1/vendor/yiisoft/yii/framework/web/CController.php(265): CController->runActionWithFilters(Object(CInlineAction), Array)
#7 /home/tokmakov/www/dr1/vendor/yiisoft/yii/framework/web/CWebApplication.php(282): CController->run('')
#8 /home/tokmakov/www/dr1/vendor/yiisoft/yii/framework/web/CWebApplication.php(141): CWebApplication->runController('')
#9 /home/tokmakov/www/dr1/vendor/yiisoft/yii/framework/base/CApplication.php(184): CWebApplication->processRequest()
#10 /home/tokmakov/www/dr1/index.php(19): CApplication->run()
#11 {main}
REQUEST_URI=/
---
2014/05/26 12:17:30 [error] [exception.CException] exception 'CException' with message 'post_data must be an array type' in /home/tokmakov/www/dr1/protected/extensions/curl/Curl.php:318
Stack trace:
#0 [internal function]: Curl->handleCurl('https://api.twi...', 'grant_type=clie...')
#1 /home/tokmakov/www/dr1/protected/extensions/curl/Curl.php(382): ReflectionMethod->invokeArgs(Object(Curl), Array)
#2 /home/tokmakov/www/dr1/protected/controllers/SiteController.php(31): Curl->run('https://api.twi...', 'grant_type=clie...')
#3 /home/tokmakov/www/dr1/vendor/yiisoft/yii/framework/web/actions/CInlineAction.php(49): SiteController->actionIndex()
#4 /home/tokmakov/www/dr1/vendor/yiisoft/yii/framework/web/CController.php(308): CInlineAction->runWithParams(Array)
#5 /home/tokmakov/www/dr1/vendor/yiisoft/yii/framework/web/CController.php(286): CController->runAction(Object(CInlineAction))
#6 /home/tokmakov/www/dr1/vendor/yiisoft/yii/framework/web/CController.php(265): CController->runActionWithFilters(Object(CInlineAction), Array)
#7 /home/tokmakov/www/dr1/vendor/yiisoft/yii/framework/web/CWebApplication.php(282): CController->run('')
#8 /home/tokmakov/www/dr1/vendor/yiisoft/yii/framework/web/CWebApplication.php(141): CWebApplication->runController('')
#9 /home/tokmakov/www/dr1/vendor/yiisoft/yii/framework/base/CApplication.php(184): CWebApplication->processRequest()
#10 /home/tokmakov/www/dr1/index.php(19): CApplication->run()
#11 {main}
REQUEST_URI=/
---
2014/05/26 12:42:47 [error] [exception.CException] exception 'CException' with message 'Curl and its behaviors do not have a method or closure named "setOption".' in /home/tokmakov/www/dr1/vendor/yiisoft/yii/framework/base/CComponent.php:266
Stack trace:
#0 /home/tokmakov/www/dr1/protected/controllers/SiteController.php(38): CComponent->__call('setOption', Array)
#1 /home/tokmakov/www/dr1/protected/controllers/SiteController.php(38): Curl->setOption(10023, Array)
#2 /home/tokmakov/www/dr1/vendor/yiisoft/yii/framework/web/actions/CInlineAction.php(49): SiteController->actionIndex()
#3 /home/tokmakov/www/dr1/vendor/yiisoft/yii/framework/web/CController.php(308): CInlineAction->runWithParams(Array)
#4 /home/tokmakov/www/dr1/vendor/yiisoft/yii/framework/web/CController.php(286): CController->runAction(Object(CInlineAction))
#5 /home/tokmakov/www/dr1/vendor/yiisoft/yii/framework/web/CController.php(265): CController->runActionWithFilters(Object(CInlineAction), Array)
#6 /home/tokmakov/www/dr1/vendor/yiisoft/yii/framework/web/CWebApplication.php(282): CController->run('')
#7 /home/tokmakov/www/dr1/vendor/yiisoft/yii/framework/web/CWebApplication.php(141): CWebApplication->runController('')
#8 /home/tokmakov/www/dr1/vendor/yiisoft/yii/framework/base/CApplication.php(184): CWebApplication->processRequest()
#9 /home/tokmakov/www/dr1/index.php(19): CApplication->run()
#10 {main}
REQUEST_URI=/
---
2014/05/26 12:56:25 [error] [php] Undefined index: ans (/home/tokmakov/www/dr1/protected/controllers/SiteController.php:87)
Stack trace:
#0 /home/tokmakov/www/dr1/vendor/yiisoft/yii/framework/web/CController.php(286): SiteController->runAction()
#1 /home/tokmakov/www/dr1/vendor/yiisoft/yii/framework/web/CController.php(265): SiteController->runActionWithFilters()
#2 /home/tokmakov/www/dr1/vendor/yiisoft/yii/framework/web/CWebApplication.php(282): SiteController->run()
#3 /home/tokmakov/www/dr1/vendor/yiisoft/yii/framework/web/CWebApplication.php(141): CWebApplication->runController()
#4 /home/tokmakov/www/dr1/vendor/yiisoft/yii/framework/base/CApplication.php(184): CWebApplication->processRequest()
#5 /home/tokmakov/www/dr1/index.php(19): CWebApplication->run()
REQUEST_URI=/
in /home/tokmakov/www/dr1/protected/controllers/SiteController.php (87)
in /home/tokmakov/www/dr1/index.php (19)
2014/05/26 12:57:19 [error] [php] Undefined variable: _SESSION (/home/tokmakov/www/dr1/protected/controllers/SiteController.php:30)
Stack trace:
#0 /home/tokmakov/www/dr1/vendor/yiisoft/yii/framework/web/CController.php(286): SiteController->runAction()
#1 /home/tokmakov/www/dr1/vendor/yiisoft/yii/framework/web/CController.php(265): SiteController->runActionWithFilters()
#2 /home/tokmakov/www/dr1/vendor/yiisoft/yii/framework/web/CWebApplication.php(282): SiteController->run()
#3 /home/tokmakov/www/dr1/vendor/yiisoft/yii/framework/web/CWebApplication.php(141): CWebApplication->runController()
#4 /home/tokmakov/www/dr1/vendor/yiisoft/yii/framework/base/CApplication.php(184): CWebApplication->processRequest()
#5 /home/tokmakov/www/dr1/index.php(19): CWebApplication->run()
REQUEST_URI=/
in /home/tokmakov/www/dr1/protected/controllers/SiteController.php (30)
in /home/tokmakov/www/dr1/index.php (19)
2014/05/26 14:03:03 [error] [php] Array to string conversion (/home/tokmakov/www/dr1/protected/controllers/SiteController.php:92)
Stack trace:
#0 /home/tokmakov/www/dr1/vendor/yiisoft/yii/framework/web/CController.php(286): SiteController->runAction()
#1 /home/tokmakov/www/dr1/vendor/yiisoft/yii/framework/web/CController.php(265): SiteController->runActionWithFilters()
#2 /home/tokmakov/www/dr1/vendor/yiisoft/yii/framework/web/CWebApplication.php(282): SiteController->run()
#3 /home/tokmakov/www/dr1/vendor/yiisoft/yii/framework/web/CWebApplication.php(141): CWebApplication->runController()
#4 /home/tokmakov/www/dr1/vendor/yiisoft/yii/framework/base/CApplication.php(184): CWebApplication->processRequest()
#5 /home/tokmakov/www/dr1/index.php(19): CWebApplication->run()
REQUEST_URI=/
in /home/tokmakov/www/dr1/protected/controllers/SiteController.php (92)
in /home/tokmakov/www/dr1/index.php (19)
2014/05/26 14:03:22 [error] [php] Array to string conversion (/home/tokmakov/www/dr1/protected/controllers/SiteController.php:92)
Stack trace:
#0 /home/tokmakov/www/dr1/vendor/yiisoft/yii/framework/web/CController.php(286): SiteController->runAction()
#1 /home/tokmakov/www/dr1/vendor/yiisoft/yii/framework/web/CController.php(265): SiteController->runActionWithFilters()
#2 /home/tokmakov/www/dr1/vendor/yiisoft/yii/framework/web/CWebApplication.php(282): SiteController->run()
#3 /home/tokmakov/www/dr1/vendor/yiisoft/yii/framework/web/CWebApplication.php(141): CWebApplication->runController()
#4 /home/tokmakov/www/dr1/vendor/yiisoft/yii/framework/base/CApplication.php(184): CWebApplication->processRequest()
#5 /home/tokmakov/www/dr1/index.php(19): CWebApplication->run()
REQUEST_URI=/
in /home/tokmakov/www/dr1/protected/controllers/SiteController.php (92)
in /home/tokmakov/www/dr1/index.php (19)
2014/05/26 14:03:37 [error] [php] Array to string conversion (/home/tokmakov/www/dr1/protected/controllers/SiteController.php:92)
Stack trace:
#0 /home/tokmakov/www/dr1/vendor/yiisoft/yii/framework/web/CController.php(286): SiteController->runAction()
#1 /home/tokmakov/www/dr1/vendor/yiisoft/yii/framework/web/CController.php(265): SiteController->runActionWithFilters()
#2 /home/tokmakov/www/dr1/vendor/yiisoft/yii/framework/web/CWebApplication.php(282): SiteController->run()
#3 /home/tokmakov/www/dr1/vendor/yiisoft/yii/framework/web/CWebApplication.php(141): CWebApplication->runController()
#4 /home/tokmakov/www/dr1/vendor/yiisoft/yii/framework/base/CApplication.php(184): CWebApplication->processRequest()
#5 /home/tokmakov/www/dr1/index.php(19): CWebApplication->run()
REQUEST_URI=/
in /home/tokmakov/www/dr1/protected/controllers/SiteController.php (92)
in /home/tokmakov/www/dr1/index.php (19)
2014/05/26 14:03:40 [error] [php] Array to string conversion (/home/tokmakov/www/dr1/protected/controllers/SiteController.php:92)
Stack trace:
#0 /home/tokmakov/www/dr1/vendor/yiisoft/yii/framework/web/CController.php(286): SiteController->runAction()
#1 /home/tokmakov/www/dr1/vendor/yiisoft/yii/framework/web/CController.php(265): SiteController->runActionWithFilters()
#2 /home/tokmakov/www/dr1/vendor/yiisoft/yii/framework/web/CWebApplication.php(282): SiteController->run()
#3 /home/tokmakov/www/dr1/vendor/yiisoft/yii/framework/web/CWebApplication.php(141): CWebApplication->runController()
#4 /home/tokmakov/www/dr1/vendor/yiisoft/yii/framework/base/CApplication.php(184): CWebApplication->processRequest()
#5 /home/tokmakov/www/dr1/index.php(19): CWebApplication->run()
REQUEST_URI=/
in /home/tokmakov/www/dr1/protected/controllers/SiteController.php (92)
in /home/tokmakov/www/dr1/index.php (19)
2014/05/26 14:46:34 [error] [exception.CException] exception 'CException' with message 'Property "SiteController.dataJson" is not defined.' in /home/tokmakov/www/dr1/vendor/yiisoft/yii/framework/base/CComponent.php:130
Stack trace:
#0 /home/tokmakov/www/dr1/protected/views/layouts/main.php(91): CComponent->__get('dataJson')
#1 /home/tokmakov/www/dr1/vendor/yiisoft/yii/framework/web/CBaseController.php(126): require('/home/tokmakov/...')
#2 /home/tokmakov/www/dr1/vendor/yiisoft/yii/framework/web/CBaseController.php(95): CBaseController->renderInternal('/home/tokmakov/...', Array, true)
#3 /home/tokmakov/www/dr1/vendor/yiisoft/yii/framework/web/CController.php(784): CBaseController->renderFile('/home/tokmakov/...', Array, true)
#4 /home/tokmakov/www/dr1/protected/controllers/SiteController.php(96): CController->render('index', Array)
#5 /home/tokmakov/www/dr1/vendor/yiisoft/yii/framework/web/actions/CInlineAction.php(49): SiteController->actionIndex()
#6 /home/tokmakov/www/dr1/vendor/yiisoft/yii/framework/web/CController.php(308): CInlineAction->runWithParams(Array)
#7 /home/tokmakov/www/dr1/vendor/yiisoft/yii/framework/web/CController.php(286): CController->runAction(Object(CInlineAction))
#8 /home/tokmakov/www/dr1/vendor/yiisoft/yii/framework/web/CController.php(265): CController->runActionWithFilters(Object(CInlineAction), Array)
#9 /home/tokmakov/www/dr1/vendor/yiisoft/yii/framework/web/CWebApplication.php(282): CController->run('')
#10 /home/tokmakov/www/dr1/vendor/yiisoft/yii/framework/web/CWebApplication.php(141): CWebApplication->runController('')
#11 /home/tokmakov/www/dr1/vendor/yiisoft/yii/framework/base/CApplication.php(184): CWebApplication->processRequest()
#12 /home/tokmakov/www/dr1/index.php(19): CApplication->run()
#13 {main}
REQUEST_URI=/
---
2014/05/26 14:47:10 [error] [php] Undefined variable: dataJson (/home/tokmakov/www/dr1/protected/views/layouts/main.php:91)
Stack trace:
#0 /home/tokmakov/www/dr1/vendor/yiisoft/yii/framework/web/CController.php(784): SiteController->renderFile()
#1 /home/tokmakov/www/dr1/protected/controllers/SiteController.php(96): SiteController->render()
#2 /home/tokmakov/www/dr1/vendor/yiisoft/yii/framework/web/actions/CInlineAction.php(49): SiteController->actionIndex()
#3 /home/tokmakov/www/dr1/vendor/yiisoft/yii/framework/web/CController.php(308): CInlineAction->runWithParams()
#4 /home/tokmakov/www/dr1/vendor/yiisoft/yii/framework/web/CController.php(286): SiteController->runAction()
#5 /home/tokmakov/www/dr1/vendor/yiisoft/yii/framework/web/CController.php(265): SiteController->runActionWithFilters()
#6 /home/tokmakov/www/dr1/vendor/yiisoft/yii/framework/web/CWebApplication.php(282): SiteController->run()
#7 /home/tokmakov/www/dr1/vendor/yiisoft/yii/framework/web/CWebApplication.php(141): CWebApplication->runController()
#8 /home/tokmakov/www/dr1/vendor/yiisoft/yii/framework/base/CApplication.php(184): CWebApplication->processRequest()
#9 /home/tokmakov/www/dr1/index.php(19): CWebApplication->run()
REQUEST_URI=/
in /home/tokmakov/www/dr1/protected/views/layouts/main.php (91)
in /home/tokmakov/www/dr1/protected/controllers/SiteController.php (96)
in /home/tokmakov/www/dr1/index.php (19)
2014/05/26 14:47:29 [error] [php] Undefined variable: dataJson (/home/tokmakov/www/dr1/protected/views/layouts/main.php:91)
Stack trace:
#0 /home/tokmakov/www/dr1/vendor/yiisoft/yii/framework/web/CController.php(784): SiteController->renderFile()
#1 /home/tokmakov/www/dr1/protected/controllers/SiteController.php(96): SiteController->render()
#2 /home/tokmakov/www/dr1/vendor/yiisoft/yii/framework/web/actions/CInlineAction.php(49): SiteController->actionIndex()
#3 /home/tokmakov/www/dr1/vendor/yiisoft/yii/framework/web/CController.php(308): CInlineAction->runWithParams()
#4 /home/tokmakov/www/dr1/vendor/yiisoft/yii/framework/web/CController.php(286): SiteController->runAction()
#5 /home/tokmakov/www/dr1/vendor/yiisoft/yii/framework/web/CController.php(265): SiteController->runActionWithFilters()
#6 /home/tokmakov/www/dr1/vendor/yiisoft/yii/framework/web/CWebApplication.php(282): SiteController->run()
#7 /home/tokmakov/www/dr1/vendor/yiisoft/yii/framework/web/CWebApplication.php(141): CWebApplication->runController()
#8 /home/tokmakov/www/dr1/vendor/yiisoft/yii/framework/base/CApplication.php(184): CWebApplication->processRequest()
#9 /home/tokmakov/www/dr1/index.php(19): CWebApplication->run()
REQUEST_URI=/
in /home/tokmakov/www/dr1/protected/views/layouts/main.php (91)
in /home/tokmakov/www/dr1/protected/controllers/SiteController.php (96)
in /home/tokmakov/www/dr1/index.php (19)
2014/05/27 18:12:22 [error] [exception.CException] exception 'CException' with message 'Property "RequestForm.username" is not defined.' in /home/tokmakov/www/dr1/vendor/yiisoft/yii/framework/base/CComponent.php:130
Stack trace:
#0 /home/tokmakov/www/dr1/vendor/yiisoft/yii/framework/web/helpers/CHtml.php(2728): CComponent->__get('username')
#1 /home/tokmakov/www/dr1/vendor/yiisoft/yii/framework/web/helpers/CHtml.php(2451): CHtml::resolveValue(Object(RequestForm), 'username')
#2 /home/tokmakov/www/dr1/vendor/yiisoft/yii/framework/web/helpers/CHtml.php(1533): CHtml::activeInputField('text', Object(RequestForm), 'username', Array)
#3 /home/tokmakov/www/dr1/vendor/yiisoft/yii/framework/web/widgets/CActiveForm.php(789): CHtml::activeTextField(Object(RequestForm), 'username', Array)
#4 /home/tokmakov/www/dr1/protected/views/site/index.php(24): CActiveForm->textField(Object(RequestForm), 'username')
#5 /home/tokmakov/www/dr1/vendor/yiisoft/yii/framework/web/CBaseController.php(126): require('/home/tokmakov/...')
#6 /home/tokmakov/www/dr1/vendor/yiisoft/yii/framework/web/CBaseController.php(95): CBaseController->renderInternal('/home/tokmakov/...', Array, true)
#7 /home/tokmakov/www/dr1/vendor/yiisoft/yii/framework/web/CController.php(869): CBaseController->renderFile('/home/tokmakov/...', Array, true)
#8 /home/tokmakov/www/dr1/vendor/yiisoft/yii/framework/web/CController.php(782): CController->renderPartial('index', Array, true)
#9 /home/tokmakov/www/dr1/protected/controllers/SiteController.php(31): CController->render('index', Array)
#10 /home/tokmakov/www/dr1/vendor/yiisoft/yii/framework/web/actions/CInlineAction.php(49): SiteController->actionIndex()
#11 /home/tokmakov/www/dr1/vendor/yiisoft/yii/framework/web/CController.php(308): CInlineAction->runWithParams(Array)
#12 /home/tokmakov/www/dr1/vendor/yiisoft/yii/framework/web/CController.php(286): CController->runAction(Object(CInlineAction))
#13 /home/tokmakov/www/dr1/vendor/yiisoft/yii/framework/web/CController.php(265): CController->runActionWithFilters(Object(CInlineAction), Array)
#14 /home/tokmakov/www/dr1/vendor/yiisoft/yii/framework/web/CWebApplication.php(282): CController->run('')
#15 /home/tokmakov/www/dr1/vendor/yiisoft/yii/framework/web/CWebApplication.php(141): CWebApplication->runController('')
#16 /home/tokmakov/www/dr1/vendor/yiisoft/yii/framework/base/CApplication.php(184): CWebApplication->processRequest()
#17 /home/tokmakov/www/dr1/index.php(19): CApplication->run()
#18 {main}
REQUEST_URI=/
---
2014/05/28 13:15:20 [error] [exception.CException] exception 'CException' with message 'Property "Twt.config" is not defined.' in /home/tokmakov/www/dr1/vendor/yiisoft/yii/framework/base/CComponent.php:173
Stack trace:
#0 /home/tokmakov/www/dr1/vendor/yiisoft/yii/framework/YiiBase.php(220): CComponent->__set('config', Array)
#1 /home/tokmakov/www/dr1/vendor/yiisoft/yii/framework/base/CModule.php(392): YiiBase::createComponent(Array)
#2 /home/tokmakov/www/dr1/vendor/yiisoft/yii/framework/base/CModule.php(103): CModule->getComponent('Twt')
#3 /home/tokmakov/www/dr1/protected/controllers/SiteController.php(9): CModule->__get('Twt')
#4 /home/tokmakov/www/dr1/vendor/yiisoft/yii/framework/web/actions/CInlineAction.php(49): SiteController->actionIndex()
#5 /home/tokmakov/www/dr1/vendor/yiisoft/yii/framework/web/CController.php(308): CInlineAction->runWithParams(Array)
#6 /home/tokmakov/www/dr1/vendor/yiisoft/yii/framework/web/CController.php(286): CController->runAction(Object(CInlineAction))
#7 /home/tokmakov/www/dr1/vendor/yiisoft/yii/framework/web/CController.php(265): CController->runActionWithFilters(Object(CInlineAction), Array)
#8 /home/tokmakov/www/dr1/vendor/yiisoft/yii/framework/web/CWebApplication.php(282): CController->run('')
#9 /home/tokmakov/www/dr1/vendor/yiisoft/yii/framework/web/CWebApplication.php(141): CWebApplication->runController('')
#10 /home/tokmakov/www/dr1/vendor/yiisoft/yii/framework/base/CApplication.php(184): CWebApplication->processRequest()
#11 /home/tokmakov/www/dr1/index.php(19): CApplication->run()
#12 {main}
REQUEST_URI=/
---
2014/05/28 13:15:40 [error] [exception.CException] exception 'CException' with message 'Property "Twt.config" is not defined.' in /home/tokmakov/www/dr1/vendor/yiisoft/yii/framework/base/CComponent.php:173
Stack trace:
#0 /home/tokmakov/www/dr1/vendor/yiisoft/yii/framework/YiiBase.php(220): CComponent->__set('config', Array)
#1 /home/tokmakov/www/dr1/vendor/yiisoft/yii/framework/base/CModule.php(392): YiiBase::createComponent(Array)
#2 /home/tokmakov/www/dr1/vendor/yiisoft/yii/framework/base/CModule.php(103): CModule->getComponent('Twt')
#3 /home/tokmakov/www/dr1/protected/controllers/SiteController.php(9): CModule->__get('Twt')
#4 /home/tokmakov/www/dr1/vendor/yiisoft/yii/framework/web/actions/CInlineAction.php(49): SiteController->actionIndex()
#5 /home/tokmakov/www/dr1/vendor/yiisoft/yii/framework/web/CController.php(308): CInlineAction->runWithParams(Array)
#6 /home/tokmakov/www/dr1/vendor/yiisoft/yii/framework/web/CController.php(286): CController->runAction(Object(CInlineAction))
#7 /home/tokmakov/www/dr1/vendor/yiisoft/yii/framework/web/CController.php(265): CController->runActionWithFilters(Object(CInlineAction), Array)
#8 /home/tokmakov/www/dr1/vendor/yiisoft/yii/framework/web/CWebApplication.php(282): CController->run('')
#9 /home/tokmakov/www/dr1/vendor/yiisoft/yii/framework/web/CWebApplication.php(141): CWebApplication->runController('')
#10 /home/tokmakov/www/dr1/vendor/yiisoft/yii/framework/base/CApplication.php(184): CWebApplication->processRequest()
#11 /home/tokmakov/www/dr1/index.php(19): CApplication->run()
#12 {main}
REQUEST_URI=/
---
2014/05/28 15:34:11 [error] [exception.CException] exception 'CException' with message 'TwitterData and its behaviors do not have a method or closure named "init".' in /home/tokmakov/www/dr1/vendor/yiisoft/yii/framework/base/CComponent.php:266
Stack trace:
#0 /home/tokmakov/www/dr1/vendor/yiisoft/yii/framework/base/CModule.php(393): CComponent->__call('init', Array)
#1 /home/tokmakov/www/dr1/vendor/yiisoft/yii/framework/base/CModule.php(393): TwitterData->init()
#2 /home/tokmakov/www/dr1/vendor/yiisoft/yii/framework/base/CModule.php(103): CModule->getComponent('TwitterData')
#3 /home/tokmakov/www/dr1/protected/controllers/SiteController.php(17): CModule->__get('TwitterData')
#4 /home/tokmakov/www/dr1/vendor/yiisoft/yii/framework/web/actions/CInlineAction.php(49): SiteController->actionIndex()
#5 /home/tokmakov/www/dr1/vendor/yiisoft/yii/framework/web/CController.php(308): CInlineAction->runWithParams(Array)
#6 /home/tokmakov/www/dr1/vendor/yiisoft/yii/framework/web/CController.php(286): CController->runAction(Object(CInlineAction))
#7 /home/tokmakov/www/dr1/vendor/yiisoft/yii/framework/web/CController.php(265): CController->runActionWithFilters(Object(CInlineAction), Array)
#8 /home/tokmakov/www/dr1/vendor/yiisoft/yii/framework/web/CWebApplication.php(282): CController->run('')
#9 /home/tokmakov/www/dr1/vendor/yiisoft/yii/framework/web/CWebApplication.php(141): CWebApplication->runController('')
#10 /home/tokmakov/www/dr1/vendor/yiisoft/yii/framework/base/CApplication.php(184): CWebApplication->processRequest()
#11 /home/tokmakov/www/dr1/index.php(19): CApplication->run()
#12 {main}
REQUEST_URI=/
HTTP_REFERER=http://127.0.0.1:83/
---
2014/05/28 17:09:16 [error] [php] Invalid argument supplied for foreach() (/home/tokmakov/www/dr1/protected/components/TwitterData.php:37)
Stack trace:
#0 /home/tokmakov/www/dr1/vendor/yiisoft/yii/framework/web/actions/CInlineAction.php(49): SiteController->actionIndex()
#1 /home/tokmakov/www/dr1/vendor/yiisoft/yii/framework/web/CController.php(308): CInlineAction->runWithParams()
#2 /home/tokmakov/www/dr1/vendor/yiisoft/yii/framework/web/CController.php(286): SiteController->runAction()
#3 /home/tokmakov/www/dr1/vendor/yiisoft/yii/framework/web/CController.php(265): SiteController->runActionWithFilters()
#4 /home/tokmakov/www/dr1/vendor/yiisoft/yii/framework/web/CWebApplication.php(282): SiteController->run()
#5 /home/tokmakov/www/dr1/vendor/yiisoft/yii/framework/web/CWebApplication.php(141): CWebApplication->runController()
#6 /home/tokmakov/www/dr1/vendor/yiisoft/yii/framework/base/CApplication.php(184): CWebApplication->processRequest()
#7 /home/tokmakov/www/dr1/index.php(19): CWebApplication->run()
REQUEST_URI=/
in /home/tokmakov/www/dr1/protected/components/TwitterData.php (37)
in /home/tokmakov/www/dr1/protected/components/TwitterData.php (26)
in /home/tokmakov/www/dr1/protected/controllers/SiteController.php (17)
2014/05/28 17:09:47 [error] [php] Invalid argument supplied for foreach() (/home/tokmakov/www/dr1/protected/components/TwitterData.php:37)
Stack trace:
#0 /home/tokmakov/www/dr1/vendor/yiisoft/yii/framework/web/actions/CInlineAction.php(49): SiteController->actionIndex()
#1 /home/tokmakov/www/dr1/vendor/yiisoft/yii/framework/web/CController.php(308): CInlineAction->runWithParams()
#2 /home/tokmakov/www/dr1/vendor/yiisoft/yii/framework/web/CController.php(286): SiteController->runAction()
#3 /home/tokmakov/www/dr1/vendor/yiisoft/yii/framework/web/CController.php(265): SiteController->runActionWithFilters()
#4 /home/tokmakov/www/dr1/vendor/yiisoft/yii/framework/web/CWebApplication.php(282): SiteController->run()
#5 /home/tokmakov/www/dr1/vendor/yiisoft/yii/framework/web/CWebApplication.php(141): CWebApplication->runController()
#6 /home/tokmakov/www/dr1/vendor/yiisoft/yii/framework/base/CApplication.php(184): CWebApplication->processRequest()
#7 /home/tokmakov/www/dr1/index.php(19): CWebApplication->run()
REQUEST_URI=/
in /home/tokmakov/www/dr1/protected/components/TwitterData.php (37)
in /home/tokmakov/www/dr1/protected/components/TwitterData.php (26)
in /home/tokmakov/www/dr1/protected/controllers/SiteController.php (17)
2014/05/28 17:21:23 [error] [php] Array to string conversion (/home/tokmakov/www/dr1/protected/controllers/SiteController.php:19)
Stack trace:
#0 /home/tokmakov/www/dr1/vendor/yiisoft/yii/framework/web/CController.php(286): SiteController->runAction()
#1 /home/tokmakov/www/dr1/vendor/yiisoft/yii/framework/web/CController.php(265): SiteController->runActionWithFilters()
#2 /home/tokmakov/www/dr1/vendor/yiisoft/yii/framework/web/CWebApplication.php(282): SiteController->run()
#3 /home/tokmakov/www/dr1/vendor/yiisoft/yii/framework/web/CWebApplication.php(141): CWebApplication->runController()
#4 /home/tokmakov/www/dr1/vendor/yiisoft/yii/framework/base/CApplication.php(184): CWebApplication->processRequest()
#5 /home/tokmakov/www/dr1/index.php(19): CWebApplication->run()
REQUEST_URI=/
in /home/tokmakov/www/dr1/protected/controllers/SiteController.php (19)
in /home/tokmakov/www/dr1/index.php (19)
2014/05/28 17:36:59 [error] [php] Array to string conversion (/home/tokmakov/www/dr1/protected/views/site/index.php:58)
Stack trace:
#0 /home/tokmakov/www/dr1/vendor/yiisoft/yii/framework/web/CController.php(869): SiteController->renderFile()
#1 /home/tokmakov/www/dr1/vendor/yiisoft/yii/framework/web/CController.php(782): SiteController->renderPartial()
#2 /home/tokmakov/www/dr1/protected/controllers/SiteController.php(26): SiteController->render()
#3 /home/tokmakov/www/dr1/vendor/yiisoft/yii/framework/web/actions/CInlineAction.php(49): SiteController->actionIndex()
#4 /home/tokmakov/www/dr1/vendor/yiisoft/yii/framework/web/CController.php(308): CInlineAction->runWithParams()
#5 /home/tokmakov/www/dr1/vendor/yiisoft/yii/framework/web/CController.php(286): SiteController->runAction()
#6 /home/tokmakov/www/dr1/vendor/yiisoft/yii/framework/web/CController.php(265): SiteController->runActionWithFilters()
#7 /home/tokmakov/www/dr1/vendor/yiisoft/yii/framework/web/CWebApplication.php(282): SiteController->run()
#8 /home/tokmakov/www/dr1/vendor/yiisoft/yii/framework/web/CWebApplication.php(141): CWebApplication->runController()
#9 /home/tokmakov/www/dr1/vendor/yiisoft/yii/framework/base/CApplication.php(184): CWebApplication->processRequest()
#10 /home/tokmakov/www/dr1/index.php(19): CWebApplication->run()
REQUEST_URI=/
in /home/tokmakov/www/dr1/protected/views/site/index.php (58)
in /home/tokmakov/www/dr1/protected/controllers/SiteController.php (26)
in /home/tokmakov/www/dr1/index.php (19)
2014/05/28 17:38:06 [error] [php] Array to string conversion (/home/tokmakov/www/dr1/protected/views/site/index.php:58)
Stack trace:
#0 /home/tokmakov/www/dr1/vendor/yiisoft/yii/framework/web/CController.php(869): SiteController->renderFile()
#1 /home/tokmakov/www/dr1/vendor/yiisoft/yii/framework/web/CController.php(782): SiteController->renderPartial()
#2 /home/tokmakov/www/dr1/protected/controllers/SiteController.php(26): SiteController->render()
#3 /home/tokmakov/www/dr1/vendor/yiisoft/yii/framework/web/actions/CInlineAction.php(49): SiteController->actionIndex()
#4 /home/tokmakov/www/dr1/vendor/yiisoft/yii/framework/web/CController.php(308): CInlineAction->runWithParams()
#5 /home/tokmakov/www/dr1/vendor/yiisoft/yii/framework/web/CController.php(286): SiteController->runAction()
#6 /home/tokmakov/www/dr1/vendor/yiisoft/yii/framework/web/CController.php(265): SiteController->runActionWithFilters()
#7 /home/tokmakov/www/dr1/vendor/yiisoft/yii/framework/web/CWebApplication.php(282): SiteController->run()
#8 /home/tokmakov/www/dr1/vendor/yiisoft/yii/framework/web/CWebApplication.php(141): CWebApplication->runController()
#9 /home/tokmakov/www/dr1/vendor/yiisoft/yii/framework/base/CApplication.php(184): CWebApplication->processRequest()
#10 /home/tokmakov/www/dr1/index.php(19): CWebApplication->run()
REQUEST_URI=/
in /home/tokmakov/www/dr1/protected/views/site/index.php (58)
in /home/tokmakov/www/dr1/protected/controllers/SiteController.php (26)
in /home/tokmakov/www/dr1/index.php (19)
2014/05/28 17:39:57 [error] [php] Illegal string offset 'statuses' (/home/tokmakov/www/dr1/protected/controllers/SiteController.php:44)
Stack trace:
#0 /home/tokmakov/www/dr1/vendor/yiisoft/yii/framework/web/CController.php(286): SiteController->runAction()
#1 /home/tokmakov/www/dr1/vendor/yiisoft/yii/framework/web/CController.php(265): SiteController->runActionWithFilters()
#2 /home/tokmakov/www/dr1/vendor/yiisoft/yii/framework/web/CWebApplication.php(282): SiteController->run()
#3 /home/tokmakov/www/dr1/vendor/yiisoft/yii/framework/web/CWebApplication.php(141): CWebApplication->runController()
#4 /home/tokmakov/www/dr1/vendor/yiisoft/yii/framework/base/CApplication.php(184): CWebApplication->processRequest()
#5 /home/tokmakov/www/dr1/index.php(19): CWebApplication->run()
REQUEST_URI=/site/data
in /home/tokmakov/www/dr1/protected/controllers/SiteController.php (44)
in /home/tokmakov/www/dr1/index.php (19)
2014/05/28 17:51:54 [error] [php] Non-static method D3::formGraphData() should not be called statically, assuming $this from incompatible context (/home/tokmakov/www/dr1/protected/views/site/index.php:57)
Stack trace:
#0 /home/tokmakov/www/dr1/vendor/yiisoft/yii/framework/web/CController.php(869): SiteController->renderFile()
#1 /home/tokmakov/www/dr1/vendor/yiisoft/yii/framework/web/CController.php(782): SiteController->renderPartial()
#2 /home/tokmakov/www/dr1/protected/controllers/SiteController.php(26): SiteController->render()
#3 /home/tokmakov/www/dr1/vendor/yiisoft/yii/framework/web/actions/CInlineAction.php(49): SiteController->actionIndex()
#4 /home/tokmakov/www/dr1/vendor/yiisoft/yii/framework/web/CController.php(308): CInlineAction->runWithParams()
#5 /home/tokmakov/www/dr1/vendor/yiisoft/yii/framework/web/CController.php(286): SiteController->runAction()
#6 /home/tokmakov/www/dr1/vendor/yiisoft/yii/framework/web/CController.php(265): SiteController->runActionWithFilters()
#7 /home/tokmakov/www/dr1/vendor/yiisoft/yii/framework/web/CWebApplication.php(282): SiteController->run()
#8 /home/tokmakov/www/dr1/vendor/yiisoft/yii/framework/web/CWebApplication.php(141): CWebApplication->runController()
#9 /home/tokmakov/www/dr1/vendor/yiisoft/yii/framework/base/CApplication.php(184): CWebApplication->processRequest()
#10 /home/tokmakov/www/dr1/index.php(19): CWebApplication->run()
REQUEST_URI=/
in /home/tokmakov/www/dr1/protected/views/site/index.php (57)
in /home/tokmakov/www/dr1/protected/controllers/SiteController.php (26)
in /home/tokmakov/www/dr1/index.php (19)
2014/05/28 18:46:05 [error] [exception.CException] exception 'CException' with message 'TwitterData and its behaviors do not have a method or closure named "getRates".' in /home/tokmakov/www/dr1/vendor/yiisoft/yii/framework/base/CComponent.php:266
Stack trace:
#0 /home/tokmakov/www/dr1/protected/controllers/SiteController.php(7): CComponent->__call('getRates', Array)
#1 /home/tokmakov/www/dr1/protected/controllers/SiteController.php(7): TwitterData->getRates()
#2 /home/tokmakov/www/dr1/vendor/yiisoft/yii/framework/web/actions/CInlineAction.php(49): SiteController->actionIndex()
#3 /home/tokmakov/www/dr1/vendor/yiisoft/yii/framework/web/CController.php(308): CInlineAction->runWithParams(Array)
#4 /home/tokmakov/www/dr1/vendor/yiisoft/yii/framework/web/CController.php(286): CController->runAction(Object(CInlineAction))
#5 /home/tokmakov/www/dr1/vendor/yiisoft/yii/framework/web/CController.php(265): CController->runActionWithFilters(Object(CInlineAction), Array)
#6 /home/tokmakov/www/dr1/vendor/yiisoft/yii/framework/web/CWebApplication.php(282): CController->run('')
#7 /home/tokmakov/www/dr1/vendor/yiisoft/yii/framework/web/CWebApplication.php(141): CWebApplication->runController('')
#8 /home/tokmakov/www/dr1/vendor/yiisoft/yii/framework/base/CApplication.php(184): CWebApplication->processRequest()
#9 /home/tokmakov/www/dr1/index.php(19): CApplication->run()
#10 {main}
REQUEST_URI=/
HTTP_REFERER=http://127.0.0.1:83/
---
2014/05/28 18:49:43 [error] [php] Indirect modification of overloaded element of CHttpSession has no effect (/home/tokmakov/www/dr1/protected/components/TwitterData.php:13)
Stack trace:
#0 /home/tokmakov/www/dr1/vendor/yiisoft/yii/framework/web/CController.php(308): CInlineAction->runWithParams()
#1 /home/tokmakov/www/dr1/vendor/yiisoft/yii/framework/web/CController.php(286): SiteController->runAction()
#2 /home/tokmakov/www/dr1/vendor/yiisoft/yii/framework/web/CController.php(265): SiteController->runActionWithFilters()
#3 /home/tokmakov/www/dr1/vendor/yiisoft/yii/framework/web/CWebApplication.php(282): SiteController->run()
#4 /home/tokmakov/www/dr1/vendor/yiisoft/yii/framework/web/CWebApplication.php(141): CWebApplication->runController()
#5 /home/tokmakov/www/dr1/vendor/yiisoft/yii/framework/base/CApplication.php(184): CWebApplication->processRequest()
#6 /home/tokmakov/www/dr1/index.php(19): CWebApplication->run()
REQUEST_URI=/
in /home/tokmakov/www/dr1/protected/components/TwitterData.php (13)
in /home/tokmakov/www/dr1/protected/controllers/SiteController.php (7)
in /home/tokmakov/www/dr1/index.php (19)
2014/05/28 18:50:11 [error] [php] Indirect modification of overloaded element of CHttpSession has no effect (/home/tokmakov/www/dr1/protected/components/TwitterData.php:13)
Stack trace:
#0 /home/tokmakov/www/dr1/vendor/yiisoft/yii/framework/web/CController.php(308): CInlineAction->runWithParams()
#1 /home/tokmakov/www/dr1/vendor/yiisoft/yii/framework/web/CController.php(286): SiteController->runAction()
#2 /home/tokmakov/www/dr1/vendor/yiisoft/yii/framework/web/CController.php(265): SiteController->runActionWithFilters()
#3 /home/tokmakov/www/dr1/vendor/yiisoft/yii/framework/web/CWebApplication.php(282): SiteController->run()
#4 /home/tokmakov/www/dr1/vendor/yiisoft/yii/framework/web/CWebApplication.php(141): CWebApplication->runController()
#5 /home/tokmakov/www/dr1/vendor/yiisoft/yii/framework/base/CApplication.php(184): CWebApplication->processRequest()
#6 /home/tokmakov/www/dr1/index.php(19): CWebApplication->run()
REQUEST_URI=/
in /home/tokmakov/www/dr1/protected/components/TwitterData.php (13)
in /home/tokmakov/www/dr1/protected/controllers/SiteController.php (7)
in /home/tokmakov/www/dr1/index.php (19)
2014/05/28 18:50:29 [error] [php] Indirect modification of overloaded element of CHttpSession has no effect (/home/tokmakov/www/dr1/protected/components/TwitterData.php:13)
Stack trace:
#0 /home/tokmakov/www/dr1/vendor/yiisoft/yii/framework/web/CController.php(308): CInlineAction->runWithParams()
#1 /home/tokmakov/www/dr1/vendor/yiisoft/yii/framework/web/CController.php(286): SiteController->runAction()
#2 /home/tokmakov/www/dr1/vendor/yiisoft/yii/framework/web/CController.php(265): SiteController->runActionWithFilters()
#3 /home/tokmakov/www/dr1/vendor/yiisoft/yii/framework/web/CWebApplication.php(282): SiteController->run()
#4 /home/tokmakov/www/dr1/vendor/yiisoft/yii/framework/web/CWebApplication.php(141): CWebApplication->runController()
#5 /home/tokmakov/www/dr1/vendor/yiisoft/yii/framework/base/CApplication.php(184): CWebApplication->processRequest()
#6 /home/tokmakov/www/dr1/index.php(19): CWebApplication->run()
REQUEST_URI=/
in /home/tokmakov/www/dr1/protected/components/TwitterData.php (13)
in /home/tokmakov/www/dr1/protected/controllers/SiteController.php (7)
in /home/tokmakov/www/dr1/index.php (19)
2014/05/29 14:04:59 [error] [php] max(): Array must contain at least one element (/home/tokmakov/www/dr1/protected/helpers/D3.php:19)
Stack trace:
#0 /home/tokmakov/www/dr1/vendor/yiisoft/yii/framework/web/CBaseController.php(126): require()
#1 /home/tokmakov/www/dr1/vendor/yiisoft/yii/framework/web/CBaseController.php(95): SiteController->renderInternal()
#2 /home/tokmakov/www/dr1/vendor/yiisoft/yii/framework/web/CController.php(869): SiteController->renderFile()
#3 /home/tokmakov/www/dr1/vendor/yiisoft/yii/framework/web/CController.php(782): SiteController->renderPartial()
#4 /home/tokmakov/www/dr1/protected/controllers/SiteController.php(25): SiteController->render()
#5 /home/tokmakov/www/dr1/vendor/yiisoft/yii/framework/web/actions/CInlineAction.php(49): SiteController->actionIndex()
#6 /home/tokmakov/www/dr1/vendor/yiisoft/yii/framework/web/CController.php(308): CInlineAction->runWithParams()
#7 /home/tokmakov/www/dr1/vendor/yiisoft/yii/framework/web/CController.php(286): SiteController->runAction()
#8 /home/tokmakov/www/dr1/vendor/yiisoft/yii/framework/web/CController.php(265): SiteController->runActionWithFilters()
#9 /home/tokmakov/www/dr1/vendor/yiisoft/yii/framework/web/CWebApplication.php(282): SiteController->run()
#10 /home/tokmakov/www/dr1/vendor/yiisoft/yii/framework/web/CWebApplication.php(141): CWebApplication->runController()
#11 /home/tokmakov/www/dr1/vendor/yiisoft/yii/framework/base/CApplication.php(184): CWebApplication->processRequest()
#12 /home/tokmakov/www/dr1/index.php(19): CWebApplication->run()
REQUEST_URI=/
in /home/tokmakov/www/dr1/protected/helpers/D3.php (19)
in /home/tokmakov/www/dr1/protected/views/site/cloud.php (43)
in /home/tokmakov/www/dr1/protected/controllers/SiteController.php (25)
2014/05/29 16:30:07 [error] [php] max(): Array must contain at least one element (/home/tokmakov/www/dr1/protected/helpers/D3.php:19)
Stack trace:
#0 /home/tokmakov/www/dr1/vendor/yiisoft/yii/framework/web/CBaseController.php(126): require()
#1 /home/tokmakov/www/dr1/vendor/yiisoft/yii/framework/web/CBaseController.php(95): SiteController->renderInternal()
#2 /home/tokmakov/www/dr1/vendor/yiisoft/yii/framework/web/CController.php(869): SiteController->renderFile()
#3 /home/tokmakov/www/dr1/vendor/yiisoft/yii/framework/web/CController.php(782): SiteController->renderPartial()
#4 /home/tokmakov/www/dr1/protected/controllers/SiteController.php(25): SiteController->render()
#5 /home/tokmakov/www/dr1/vendor/yiisoft/yii/framework/web/actions/CInlineAction.php(49): SiteController->actionIndex()
#6 /home/tokmakov/www/dr1/vendor/yiisoft/yii/framework/web/CController.php(308): CInlineAction->runWithParams()
#7 /home/tokmakov/www/dr1/vendor/yiisoft/yii/framework/web/CController.php(286): SiteController->runAction()
#8 /home/tokmakov/www/dr1/vendor/yiisoft/yii/framework/web/CController.php(265): SiteController->runActionWithFilters()
#9 /home/tokmakov/www/dr1/vendor/yiisoft/yii/framework/web/CWebApplication.php(282): SiteController->run()
#10 /home/tokmakov/www/dr1/vendor/yiisoft/yii/framework/web/CWebApplication.php(141): CWebApplication->runController()
#11 /home/tokmakov/www/dr1/vendor/yiisoft/yii/framework/base/CApplication.php(184): CWebApplication->processRequest()
#12 /home/tokmakov/www/dr1/index.php(19): CWebApplication->run()
REQUEST_URI=/
in /home/tokmakov/www/dr1/protected/helpers/D3.php (19)
in /home/tokmakov/www/dr1/protected/views/site/cloud.php (102)
in /home/tokmakov/www/dr1/protected/controllers/SiteController.php (25)
2014/05/29 16:32:04 [error] [php] max(): Array must contain at least one element (/home/tokmakov/www/dr1/protected/helpers/D3.php:19)
Stack trace:
#0 /home/tokmakov/www/dr1/vendor/yiisoft/yii/framework/web/CBaseController.php(126): require()
#1 /home/tokmakov/www/dr1/vendor/yiisoft/yii/framework/web/CBaseController.php(95): SiteController->renderInternal()
#2 /home/tokmakov/www/dr1/vendor/yiisoft/yii/framework/web/CController.php(869): SiteController->renderFile()
#3 /home/tokmakov/www/dr1/vendor/yiisoft/yii/framework/web/CController.php(782): SiteController->renderPartial()
#4 /home/tokmakov/www/dr1/protected/controllers/SiteController.php(25): SiteController->render()
#5 /home/tokmakov/www/dr1/vendor/yiisoft/yii/framework/web/actions/CInlineAction.php(49): SiteController->actionIndex()
#6 /home/tokmakov/www/dr1/vendor/yiisoft/yii/framework/web/CController.php(308): CInlineAction->runWithParams()
#7 /home/tokmakov/www/dr1/vendor/yiisoft/yii/framework/web/CController.php(286): SiteController->runAction()
#8 /home/tokmakov/www/dr1/vendor/yiisoft/yii/framework/web/CController.php(265): SiteController->runActionWithFilters()
#9 /home/tokmakov/www/dr1/vendor/yiisoft/yii/framework/web/CWebApplication.php(282): SiteController->run()
#10 /home/tokmakov/www/dr1/vendor/yiisoft/yii/framework/web/CWebApplication.php(141): CWebApplication->runController()
#11 /home/tokmakov/www/dr1/vendor/yiisoft/yii/framework/base/CApplication.php(184): CWebApplication->processRequest()
#12 /home/tokmakov/www/dr1/index.php(21): CWebApplication->run()
REQUEST_URI=/
in /home/tokmakov/www/dr1/protected/helpers/D3.php (19)
in /home/tokmakov/www/dr1/protected/views/site/cloud.php (102)
in /home/tokmakov/www/dr1/protected/controllers/SiteController.php (25)
2014/05/29 17:30:21 [error] [php] Undefined offset: 0 (/home/tokmakov/www/dr1/protected/components/TwitterData.php:66)
Stack trace:
#0 /home/tokmakov/www/dr1/vendor/yiisoft/yii/framework/web/actions/CInlineAction.php(49): SiteController->actionIndex()
#1 /home/tokmakov/www/dr1/vendor/yiisoft/yii/framework/web/CController.php(308): CInlineAction->runWithParams()
#2 /home/tokmakov/www/dr1/vendor/yiisoft/yii/framework/web/CController.php(286): SiteController->runAction()
#3 /home/tokmakov/www/dr1/vendor/yiisoft/yii/framework/web/CController.php(265): SiteController->runActionWithFilters()
#4 /home/tokmakov/www/dr1/vendor/yiisoft/yii/framework/web/CWebApplication.php(282): SiteController->run()
#5 /home/tokmakov/www/dr1/vendor/yiisoft/yii/framework/web/CWebApplication.php(141): CWebApplication->runController()
#6 /home/tokmakov/www/dr1/vendor/yiisoft/yii/framework/base/CApplication.php(184): CWebApplication->processRequest()
#7 /home/tokmakov/www/dr1/index.php(21): CWebApplication->run()
REQUEST_URI=/
in /home/tokmakov/www/dr1/protected/components/TwitterData.php (66)
in /home/tokmakov/www/dr1/protected/components/TwitterData.php (37)
in /home/tokmakov/www/dr1/protected/controllers/SiteController.php (19)
2014/05/29 17:30:51 [error] [php] Undefined offset: 0 (/home/tokmakov/www/dr1/protected/components/TwitterData.php:67)
Stack trace:
#0 /home/tokmakov/www/dr1/vendor/yiisoft/yii/framework/web/actions/CInlineAction.php(49): SiteController->actionIndex()
#1 /home/tokmakov/www/dr1/vendor/yiisoft/yii/framework/web/CController.php(308): CInlineAction->runWithParams()
#2 /home/tokmakov/www/dr1/vendor/yiisoft/yii/framework/web/CController.php(286): SiteController->runAction()
#3 /home/tokmakov/www/dr1/vendor/yiisoft/yii/framework/web/CController.php(265): SiteController->runActionWithFilters()
#4 /home/tokmakov/www/dr1/vendor/yiisoft/yii/framework/web/CWebApplication.php(282): SiteController->run()
#5 /home/tokmakov/www/dr1/vendor/yiisoft/yii/framework/web/CWebApplication.php(141): CWebApplication->runController()
#6 /home/tokmakov/www/dr1/vendor/yiisoft/yii/framework/base/CApplication.php(184): CWebApplication->processRequest()
#7 /home/tokmakov/www/dr1/index.php(21): CWebApplication->run()
REQUEST_URI=/
in /home/tokmakov/www/dr1/protected/components/TwitterData.php (67)
in /home/tokmakov/www/dr1/protected/components/TwitterData.php (37)
in /home/tokmakov/www/dr1/protected/controllers/SiteController.php (19)
2014/05/29 17:31:03 [error] [php] Undefined offset: 0 (/home/tokmakov/www/dr1/protected/components/TwitterData.php:66)
Stack trace:
#0 /home/tokmakov/www/dr1/vendor/yiisoft/yii/framework/web/actions/CInlineAction.php(49): SiteController->actionIndex()
#1 /home/tokmakov/www/dr1/vendor/yiisoft/yii/framework/web/CController.php(308): CInlineAction->runWithParams()
#2 /home/tokmakov/www/dr1/vendor/yiisoft/yii/framework/web/CController.php(286): SiteController->runAction()
#3 /home/tokmakov/www/dr1/vendor/yiisoft/yii/framework/web/CController.php(265): SiteController->runActionWithFilters()
#4 /home/tokmakov/www/dr1/vendor/yiisoft/yii/framework/web/CWebApplication.php(282): SiteController->run()
#5 /home/tokmakov/www/dr1/vendor/yiisoft/yii/framework/web/CWebApplication.php(141): CWebApplication->runController()
#6 /home/tokmakov/www/dr1/vendor/yiisoft/yii/framework/base/CApplication.php(184): CWebApplication->processRequest()
#7 /home/tokmakov/www/dr1/index.php(21): CWebApplication->run()
REQUEST_URI=/
in /home/tokmakov/www/dr1/protected/components/TwitterData.php (66)
in /home/tokmakov/www/dr1/protected/components/TwitterData.php (37)
in /home/tokmakov/www/dr1/protected/controllers/SiteController.php (19)
2014/05/29 17:31:25 [error] [php] Undefined offset: 0 (/home/tokmakov/www/dr1/protected/components/TwitterData.php:66)
Stack trace:
#0 /home/tokmakov/www/dr1/vendor/yiisoft/yii/framework/web/actions/CInlineAction.php(49): SiteController->actionIndex()
#1 /home/tokmakov/www/dr1/vendor/yiisoft/yii/framework/web/CController.php(308): CInlineAction->runWithParams()
#2 /home/tokmakov/www/dr1/vendor/yiisoft/yii/framework/web/CController.php(286): SiteController->runAction()
#3 /home/tokmakov/www/dr1/vendor/yiisoft/yii/framework/web/CController.php(265): SiteController->runActionWithFilters()
#4 /home/tokmakov/www/dr1/vendor/yiisoft/yii/framework/web/CWebApplication.php(282): SiteController->run()
#5 /home/tokmakov/www/dr1/vendor/yiisoft/yii/framework/web/CWebApplication.php(141): CWebApplication->runController()
#6 /home/tokmakov/www/dr1/vendor/yiisoft/yii/framework/base/CApplication.php(184): CWebApplication->processRequest()
#7 /home/tokmakov/www/dr1/index.php(21): CWebApplication->run()
REQUEST_URI=/
in /home/tokmakov/www/dr1/protected/components/TwitterData.php (66)
in /home/tokmakov/www/dr1/protected/components/TwitterData.php (37)
in /home/tokmakov/www/dr1/protected/controllers/SiteController.php (19)
2014/05/29 17:31:35 [error] [php] Undefined offset: 0 (/home/tokmakov/www/dr1/protected/components/TwitterData.php:66)
Stack trace:
#0 /home/tokmakov/www/dr1/vendor/yiisoft/yii/framework/web/actions/CInlineAction.php(49): SiteController->actionIndex()
#1 /home/tokmakov/www/dr1/vendor/yiisoft/yii/framework/web/CController.php(308): CInlineAction->runWithParams()
#2 /home/tokmakov/www/dr1/vendor/yiisoft/yii/framework/web/CController.php(286): SiteController->runAction()
#3 /home/tokmakov/www/dr1/vendor/yiisoft/yii/framework/web/CController.php(265): SiteController->runActionWithFilters()
#4 /home/tokmakov/www/dr1/vendor/yiisoft/yii/framework/web/CWebApplication.php(282): SiteController->run()
#5 /home/tokmakov/www/dr1/vendor/yiisoft/yii/framework/web/CWebApplication.php(141): CWebApplication->runController()
#6 /home/tokmakov/www/dr1/vendor/yiisoft/yii/framework/base/CApplication.php(184): CWebApplication->processRequest()
#7 /home/tokmakov/www/dr1/index.php(21): CWebApplication->run()
REQUEST_URI=/
in /home/tokmakov/www/dr1/protected/components/TwitterData.php (66)
in /home/tokmakov/www/dr1/protected/components/TwitterData.php (37)
in /home/tokmakov/www/dr1/protected/controllers/SiteController.php (19)
2014/05/29 17:31:53 [error] [php] Undefined offset: 0 (/home/tokmakov/www/dr1/protected/components/TwitterData.php:66)
Stack trace:
#0 /home/tokmakov/www/dr1/vendor/yiisoft/yii/framework/web/actions/CInlineAction.php(49): SiteController->actionIndex()
#1 /home/tokmakov/www/dr1/vendor/yiisoft/yii/framework/web/CController.php(308): CInlineAction->runWithParams()
#2 /home/tokmakov/www/dr1/vendor/yiisoft/yii/framework/web/CController.php(286): SiteController->runAction()
#3 /home/tokmakov/www/dr1/vendor/yiisoft/yii/framework/web/CController.php(265): SiteController->runActionWithFilters()
#4 /home/tokmakov/www/dr1/vendor/yiisoft/yii/framework/web/CWebApplication.php(282): SiteController->run()
#5 /home/tokmakov/www/dr1/vendor/yiisoft/yii/framework/web/CWebApplication.php(141): CWebApplication->runController()
#6 /home/tokmakov/www/dr1/vendor/yiisoft/yii/framework/base/CApplication.php(184): CWebApplication->processRequest()
#7 /home/tokmakov/www/dr1/index.php(21): CWebApplication->run()
REQUEST_URI=/
in /home/tokmakov/www/dr1/protected/components/TwitterData.php (66)
in /home/tokmakov/www/dr1/protected/components/TwitterData.php (37)
in /home/tokmakov/www/dr1/protected/controllers/SiteController.php (19)
2014/05/29 17:32:34 [error] [php] Undefined offset: 0 (/home/tokmakov/www/dr1/protected/components/TwitterData.php:66)
Stack trace:
#0 /home/tokmakov/www/dr1/vendor/yiisoft/yii/framework/web/actions/CInlineAction.php(49): SiteController->actionIndex()
#1 /home/tokmakov/www/dr1/vendor/yiisoft/yii/framework/web/CController.php(308): CInlineAction->runWithParams()
#2 /home/tokmakov/www/dr1/vendor/yiisoft/yii/framework/web/CController.php(286): SiteController->runAction()
#3 /home/tokmakov/www/dr1/vendor/yiisoft/yii/framework/web/CController.php(265): SiteController->runActionWithFilters()
#4 /home/tokmakov/www/dr1/vendor/yiisoft/yii/framework/web/CWebApplication.php(282): SiteController->run()
#5 /home/tokmakov/www/dr1/vendor/yiisoft/yii/framework/web/CWebApplication.php(141): CWebApplication->runController()
#6 /home/tokmakov/www/dr1/vendor/yiisoft/yii/framework/base/CApplication.php(184): CWebApplication->processRequest()
#7 /home/tokmakov/www/dr1/index.php(21): CWebApplication->run()
REQUEST_URI=/
in /home/tokmakov/www/dr1/protected/components/TwitterData.php (66)
in /home/tokmakov/www/dr1/protected/components/TwitterData.php (37)
in /home/tokmakov/www/dr1/protected/controllers/SiteController.php (19)
2014/05/29 17:32:43 [error] [php] Undefined offset: 0 (/home/tokmakov/www/dr1/protected/components/TwitterData.php:67)
Stack trace:
#0 /home/tokmakov/www/dr1/vendor/yiisoft/yii/framework/web/actions/CInlineAction.php(49): SiteController->actionIndex()
#1 /home/tokmakov/www/dr1/vendor/yiisoft/yii/framework/web/CController.php(308): CInlineAction->runWithParams()
#2 /home/tokmakov/www/dr1/vendor/yiisoft/yii/framework/web/CController.php(286): SiteController->runAction()
#3 /home/tokmakov/www/dr1/vendor/yiisoft/yii/framework/web/CController.php(265): SiteController->runActionWithFilters()
#4 /home/tokmakov/www/dr1/vendor/yiisoft/yii/framework/web/CWebApplication.php(282): SiteController->run()
#5 /home/tokmakov/www/dr1/vendor/yiisoft/yii/framework/web/CWebApplication.php(141): CWebApplication->runController()
#6 /home/tokmakov/www/dr1/vendor/yiisoft/yii/framework/base/CApplication.php(184): CWebApplication->processRequest()
#7 /home/tokmakov/www/dr1/index.php(21): CWebApplication->run()
REQUEST_URI=/
in /home/tokmakov/www/dr1/protected/components/TwitterData.php (67)
in /home/tokmakov/www/dr1/protected/components/TwitterData.php (37)
in /home/tokmakov/www/dr1/protected/controllers/SiteController.php (19)
2014/05/29 17:32:50 [error] [php] Undefined offset: 0 (/home/tokmakov/www/dr1/protected/components/TwitterData.php:66)
Stack trace:
#0 /home/tokmakov/www/dr1/vendor/yiisoft/yii/framework/web/actions/CInlineAction.php(49): SiteController->actionIndex()
#1 /home/tokmakov/www/dr1/vendor/yiisoft/yii/framework/web/CController.php(308): CInlineAction->runWithParams()
#2 /home/tokmakov/www/dr1/vendor/yiisoft/yii/framework/web/CController.php(286): SiteController->runAction()
#3 /home/tokmakov/www/dr1/vendor/yiisoft/yii/framework/web/CController.php(265): SiteController->runActionWithFilters()
#4 /home/tokmakov/www/dr1/vendor/yiisoft/yii/framework/web/CWebApplication.php(282): SiteController->run()
#5 /home/tokmakov/www/dr1/vendor/yiisoft/yii/framework/web/CWebApplication.php(141): CWebApplication->runController()
#6 /home/tokmakov/www/dr1/vendor/yiisoft/yii/framework/base/CApplication.php(184): CWebApplication->processRequest()
#7 /home/tokmakov/www/dr1/index.php(21): CWebApplication->run()
REQUEST_URI=/
in /home/tokmakov/www/dr1/protected/components/TwitterData.php (66)
in /home/tokmakov/www/dr1/protected/components/TwitterData.php (37)
in /home/tokmakov/www/dr1/protected/controllers/SiteController.php (19)
2014/05/29 17:32:56 [error] [php] Undefined offset: 0 (/home/tokmakov/www/dr1/protected/components/TwitterData.php:66)
Stack trace:
#0 /home/tokmakov/www/dr1/vendor/yiisoft/yii/framework/web/actions/CInlineAction.php(49): SiteController->actionIndex()
#1 /home/tokmakov/www/dr1/vendor/yiisoft/yii/framework/web/CController.php(308): CInlineAction->runWithParams()
#2 /home/tokmakov/www/dr1/vendor/yiisoft/yii/framework/web/CController.php(286): SiteController->runAction()
#3 /home/tokmakov/www/dr1/vendor/yiisoft/yii/framework/web/CController.php(265): SiteController->runActionWithFilters()
#4 /home/tokmakov/www/dr1/vendor/yiisoft/yii/framework/web/CWebApplication.php(282): SiteController->run()
#5 /home/tokmakov/www/dr1/vendor/yiisoft/yii/framework/web/CWebApplication.php(141): CWebApplication->runController()
#6 /home/tokmakov/www/dr1/vendor/yiisoft/yii/framework/base/CApplication.php(184): CWebApplication->processRequest()
#7 /home/tokmakov/www/dr1/index.php(21): CWebApplication->run()
REQUEST_URI=/
in /home/tokmakov/www/dr1/protected/components/TwitterData.php (66)
in /home/tokmakov/www/dr1/protected/components/TwitterData.php (37)
in /home/tokmakov/www/dr1/protected/controllers/SiteController.php (19)
2014/05/29 17:34:43 [error] [php] Undefined variable: statuses (/home/tokmakov/www/dr1/protected/components/TwitterData.php:80)
Stack trace:
#0 /home/tokmakov/www/dr1/vendor/yiisoft/yii/framework/web/actions/CInlineAction.php(49): SiteController->actionIndex()
#1 /home/tokmakov/www/dr1/vendor/yiisoft/yii/framework/web/CController.php(308): CInlineAction->runWithParams()
#2 /home/tokmakov/www/dr1/vendor/yiisoft/yii/framework/web/CController.php(286): SiteController->runAction()
#3 /home/tokmakov/www/dr1/vendor/yiisoft/yii/framework/web/CController.php(265): SiteController->runActionWithFilters()
#4 /home/tokmakov/www/dr1/vendor/yiisoft/yii/framework/web/CWebApplication.php(282): SiteController->run()
#5 /home/tokmakov/www/dr1/vendor/yiisoft/yii/framework/web/CWebApplication.php(141): CWebApplication->runController()
#6 /home/tokmakov/www/dr1/vendor/yiisoft/yii/framework/base/CApplication.php(184): CWebApplication->processRequest()
#7 /home/tokmakov/www/dr1/index.php(21): CWebApplication->run()
REQUEST_URI=/
in /home/tokmakov/www/dr1/protected/components/TwitterData.php (80)
in /home/tokmakov/www/dr1/protected/components/TwitterData.php (53)
in /home/tokmakov/www/dr1/protected/controllers/SiteController.php (19)
2014/05/29 17:35:04 [error] [php] Invalid argument supplied for foreach() (/home/tokmakov/www/dr1/protected/components/TwitterData.php:80)
Stack trace:
#0 /home/tokmakov/www/dr1/vendor/yiisoft/yii/framework/web/actions/CInlineAction.php(49): SiteController->actionIndex()
#1 /home/tokmakov/www/dr1/vendor/yiisoft/yii/framework/web/CController.php(308): CInlineAction->runWithParams()
#2 /home/tokmakov/www/dr1/vendor/yiisoft/yii/framework/web/CController.php(286): SiteController->runAction()
#3 /home/tokmakov/www/dr1/vendor/yiisoft/yii/framework/web/CController.php(265): SiteController->runActionWithFilters()
#4 /home/tokmakov/www/dr1/vendor/yiisoft/yii/framework/web/CWebApplication.php(282): SiteController->run()
#5 /home/tokmakov/www/dr1/vendor/yiisoft/yii/framework/web/CWebApplication.php(141): CWebApplication->runController()
#6 /home/tokmakov/www/dr1/vendor/yiisoft/yii/framework/base/CApplication.php(184): CWebApplication->processRequest()
#7 /home/tokmakov/www/dr1/index.php(21): CWebApplication->run()
REQUEST_URI=/
in /home/tokmakov/www/dr1/protected/components/TwitterData.php (80)
in /home/tokmakov/www/dr1/protected/components/TwitterData.php (53)
in /home/tokmakov/www/dr1/protected/controllers/SiteController.php (19)
2014/06/01 14:01:57 [error] [php] curl_error(): 44 is not a valid cURL handle resource (/Users/yegortokmakov/www/sample1/protected/extensions/twt/Twt.php:44)
Stack trace:
#0 /Users/yegortokmakov/www/sample1/protected/components/TwitterData.php(18): Twt->requestRateLimits()
#1 /Users/yegortokmakov/www/sample1/protected/controllers/SiteController.php(27): TwitterData->getSearchRates()
#2 /Users/yegortokmakov/www/sample1/vendor/yiisoft/yii/framework/web/actions/CInlineAction.php(49): SiteController->actionIndex()
#3 /Users/yegortokmakov/www/sample1/vendor/yiisoft/yii/framework/web/CController.php(308): CInlineAction->runWithParams()
#4 /Users/yegortokmakov/www/sample1/vendor/yiisoft/yii/framework/web/CController.php(286): SiteController->runAction()
#5 /Users/yegortokmakov/www/sample1/vendor/yiisoft/yii/framework/web/CController.php(265): SiteController->runActionWithFilters()
#6 /Users/yegortokmakov/www/sample1/vendor/yiisoft/yii/framework/web/CWebApplication.php(282): SiteController->run()
#7 /Users/yegortokmakov/www/sample1/vendor/yiisoft/yii/framework/web/CWebApplication.php(141): CWebApplication->runController()
#8 /Users/yegortokmakov/www/sample1/vendor/yiisoft/yii/framework/base/CApplication.php(184): CWebApplication->processRequest()
#9 /Users/yegortokmakov/www/sample1/index.php(21): CWebApplication->run()
REQUEST_URI=/
in /Users/yegortokmakov/www/sample1/protected/extensions/twt/Twt.php (44)
in /Users/yegortokmakov/www/sample1/protected/extensions/twt/Twt.php (59)
in /Users/yegortokmakov/www/sample1/protected/components/TwitterData.php (18)
2014/06/01 14:02:42 [error] [exception.Exception] exception 'Exception' with message 'CURL: Internal SSL engine error encountered during the SSL handshake(35)' in /Users/yegortokmakov/www/sample1/protected/extensions/twt/Twt.php:45
Stack trace:
#0 /Users/yegortokmakov/www/sample1/protected/extensions/twt/Twt.php(62): Twt->requestAccessToken()
#1 /Users/yegortokmakov/www/sample1/protected/components/TwitterData.php(18): Twt->requestRateLimits()
#2 /Users/yegortokmakov/www/sample1/protected/controllers/SiteController.php(27): TwitterData->getSearchRates()
#3 /Users/yegortokmakov/www/sample1/vendor/yiisoft/yii/framework/web/actions/CInlineAction.php(49): SiteController->actionIndex()
#4 /Users/yegortokmakov/www/sample1/vendor/yiisoft/yii/framework/web/CController.php(308): CInlineAction->runWithParams(Array)
#5 /Users/yegortokmakov/www/sample1/vendor/yiisoft/yii/framework/web/CController.php(286): CController->runAction(Object(CInlineAction))
#6 /Users/yegortokmakov/www/sample1/vendor/yiisoft/yii/framework/web/CController.php(265): CController->runActionWithFilters(Object(CInlineAction), Array)
#7 /Users/yegortokmakov/www/sample1/vendor/yiisoft/yii/framework/web/CWebApplication.php(282): CController->run('')
#8 /Users/yegortokmakov/www/sample1/vendor/yiisoft/yii/framework/web/CWebApplication.php(141): CWebApplication->runController('')
#9 /Users/yegortokmakov/www/sample1/vendor/yiisoft/yii/framework/base/CApplication.php(184): CWebApplication->processRequest()
#10 /Users/yegortokmakov/www/sample1/index.php(21): CApplication->run()
#11 {main}
REQUEST_URI=/
---
2014/06/01 14:04:47 [error] [php] include(TwtException.php): failed to open stream: No such file or directory (/Users/yegortokmakov/www/sample1/vendor/yiisoft/yii/framework/YiiBase.php:432)
Stack trace:
#0 /Users/yegortokmakov/www/sample1/protected/extensions/twt/Twt.php(45): spl_autoload_call()
#1 /Users/yegortokmakov/www/sample1/protected/extensions/twt/Twt.php(60): Twt->requestAccessToken()
#2 /Users/yegortokmakov/www/sample1/protected/components/TwitterData.php(18): Twt->requestRateLimits()
#3 /Users/yegortokmakov/www/sample1/protected/controllers/SiteController.php(27): TwitterData->getSearchRates()
#4 /Users/yegortokmakov/www/sample1/vendor/yiisoft/yii/framework/web/actions/CInlineAction.php(49): SiteController->actionIndex()
#5 /Users/yegortokmakov/www/sample1/vendor/yiisoft/yii/framework/web/CController.php(308): CInlineAction->runWithParams()
#6 /Users/yegortokmakov/www/sample1/vendor/yiisoft/yii/framework/web/CController.php(286): SiteController->runAction()
#7 /Users/yegortokmakov/www/sample1/vendor/yiisoft/yii/framework/web/CController.php(265): SiteController->runActionWithFilters()
#8 /Users/yegortokmakov/www/sample1/vendor/yiisoft/yii/framework/web/CWebApplication.php(282): SiteController->run()
#9 /Users/yegortokmakov/www/sample1/vendor/yiisoft/yii/framework/web/CWebApplication.php(141): CWebApplication->runController()
#10 /Users/yegortokmakov/www/sample1/vendor/yiisoft/yii/framework/base/CApplication.php(184): CWebApplication->processRequest()
#11 /Users/yegortokmakov/www/sample1/index.php(21): CWebApplication->run()
REQUEST_URI=/
in /Users/yegortokmakov/www/sample1/protected/extensions/twt/Twt.php (45)
in /Users/yegortokmakov/www/sample1/protected/extensions/twt/Twt.php (60)
in /Users/yegortokmakov/www/sample1/protected/components/TwitterData.php (18)
2014/06/01 14:12:06 [error] [php] include(Twt.php): failed to open stream: No such file or directory (/Users/yegortokmakov/www/sample1/vendor/yiisoft/yii/framework/YiiBase.php:432)
Stack trace:
#0 /Users/yegortokmakov/www/sample1/vendor/yiisoft/yii/framework/YiiBase.php(217): spl_autoload_call()
#1 /Users/yegortokmakov/www/sample1/vendor/yiisoft/yii/framework/base/CModule.php(392): createComponent()
#2 /Users/yegortokmakov/www/sample1/vendor/yiisoft/yii/framework/base/CModule.php(103): CWebApplication->getComponent()
#3 /Users/yegortokmakov/www/sample1/protected/components/TwitterData.php(18): CWebApplication->__get()
#4 /Users/yegortokmakov/www/sample1/protected/controllers/SiteController.php(27): TwitterData->getSearchRates()
#5 /Users/yegortokmakov/www/sample1/vendor/yiisoft/yii/framework/web/actions/CInlineAction.php(49): SiteController->actionIndex()
#6 /Users/yegortokmakov/www/sample1/vendor/yiisoft/yii/framework/web/CController.php(308): CInlineAction->runWithParams()
#7 /Users/yegortokmakov/www/sample1/vendor/yiisoft/yii/framework/web/CController.php(286): SiteController->runAction()
#8 /Users/yegortokmakov/www/sample1/vendor/yiisoft/yii/framework/web/CController.php(265): SiteController->runActionWithFilters()
#9 /Users/yegortokmakov/www/sample1/vendor/yiisoft/yii/framework/web/CWebApplication.php(282): SiteController->run()
#10 /Users/yegortokmakov/www/sample1/vendor/yiisoft/yii/framework/web/CWebApplication.php(141): CWebApplication->runController()
#11 /Users/yegortokmakov/www/sample1/vendor/yiisoft/yii/framework/base/CApplication.php(184): CWebApplication->processRequest()
#12 /Users/yegortokmakov/www/sample1/index.php(21): CWebApplication->run()
REQUEST_URI=/
in /Users/yegortokmakov/www/sample1/protected/components/TwitterData.php (18)
in /Users/yegortokmakov/www/sample1/protected/controllers/SiteController.php (27)
in /Users/yegortokmakov/www/sample1/index.php (21)
2014/06/01 14:18:01 [error] [php] include(Twt.php): failed to open stream: No such file or directory (/Users/yegortokmakov/www/sample1/vendor/yiisoft/yii/framework/YiiBase.php:432)
Stack trace:
#0 /Users/yegortokmakov/www/sample1/vendor/yiisoft/yii/framework/YiiBase.php(217): spl_autoload_call()
#1 /Users/yegortokmakov/www/sample1/vendor/yiisoft/yii/framework/base/CModule.php(392): createComponent()
#2 /Users/yegortokmakov/www/sample1/vendor/yiisoft/yii/framework/base/CModule.php(103): CWebApplication->getComponent()
#3 /Users/yegortokmakov/www/sample1/protected/components/TwitterData.php(18): CWebApplication->__get()
#4 /Users/yegortokmakov/www/sample1/protected/controllers/SiteController.php(27): TwitterData->getSearchRates()
#5 /Users/yegortokmakov/www/sample1/vendor/yiisoft/yii/framework/web/actions/CInlineAction.php(49): SiteController->actionIndex()
#6 /Users/yegortokmakov/www/sample1/vendor/yiisoft/yii/framework/web/CController.php(308): CInlineAction->runWithParams()
#7 /Users/yegortokmakov/www/sample1/vendor/yiisoft/yii/framework/web/CController.php(286): SiteController->runAction()
#8 /Users/yegortokmakov/www/sample1/vendor/yiisoft/yii/framework/web/CController.php(265): SiteController->runActionWithFilters()
#9 /Users/yegortokmakov/www/sample1/vendor/yiisoft/yii/framework/web/CWebApplication.php(282): SiteController->run()
#10 /Users/yegortokmakov/www/sample1/vendor/yiisoft/yii/framework/web/CWebApplication.php(141): CWebApplication->runController()
#11 /Users/yegortokmakov/www/sample1/vendor/yiisoft/yii/framework/base/CApplication.php(184): CWebApplication->processRequest()
#12 /Users/yegortokmakov/www/sample1/index.php(21): CWebApplication->run()
REQUEST_URI=/
in /Users/yegortokmakov/www/sample1/protected/components/TwitterData.php (18)
in /Users/yegortokmakov/www/sample1/protected/controllers/SiteController.php (27)
in /Users/yegortokmakov/www/sample1/index.php (21)
2014/06/01 14:19:01 [error] [php] include(Twt.php): failed to open stream: No such file or directory (/Users/yegortokmakov/www/sample1/vendor/yiisoft/yii/framework/YiiBase.php:432)
Stack trace:
#0 /Users/yegortokmakov/www/sample1/vendor/yiisoft/yii/framework/YiiBase.php(217): spl_autoload_call()
#1 /Users/yegortokmakov/www/sample1/vendor/yiisoft/yii/framework/base/CModule.php(392): createComponent()
#2 /Users/yegortokmakov/www/sample1/vendor/yiisoft/yii/framework/base/CModule.php(103): CWebApplication->getComponent()
#3 /Users/yegortokmakov/www/sample1/protected/components/TwitterData.php(18): CWebApplication->__get()
#4 /Users/yegortokmakov/www/sample1/protected/controllers/SiteController.php(27): TwitterData->getSearchRates()
#5 /Users/yegortokmakov/www/sample1/vendor/yiisoft/yii/framework/web/actions/CInlineAction.php(49): SiteController->actionIndex()
#6 /Users/yegortokmakov/www/sample1/vendor/yiisoft/yii/framework/web/CController.php(308): CInlineAction->runWithParams()
#7 /Users/yegortokmakov/www/sample1/vendor/yiisoft/yii/framework/web/CController.php(286): SiteController->runAction()
#8 /Users/yegortokmakov/www/sample1/vendor/yiisoft/yii/framework/web/CController.php(265): SiteController->runActionWithFilters()
#9 /Users/yegortokmakov/www/sample1/vendor/yiisoft/yii/framework/web/CWebApplication.php(282): SiteController->run()
#10 /Users/yegortokmakov/www/sample1/vendor/yiisoft/yii/framework/web/CWebApplication.php(141): CWebApplication->runController()
#11 /Users/yegortokmakov/www/sample1/vendor/yiisoft/yii/framework/base/CApplication.php(184): CWebApplication->processRequest()
#12 /Users/yegortokmakov/www/sample1/index.php(21): CWebApplication->run()
REQUEST_URI=/
in /Users/yegortokmakov/www/sample1/protected/components/TwitterData.php (18)
in /Users/yegortokmakov/www/sample1/protected/controllers/SiteController.php (27)
in /Users/yegortokmakov/www/sample1/index.php (21)
2014/06/01 14:20:49 [error] [php] include(TwtException.php): failed to open stream: No such file or directory (/Users/yegortokmakov/www/sample1/vendor/yiisoft/yii/framework/YiiBase.php:432)
Stack trace:
#0 /Users/yegortokmakov/www/sample1/protected/extensions/Twt/Twt.php(48): spl_autoload_call()
#1 /Users/yegortokmakov/www/sample1/protected/extensions/Twt/Twt.php(63): Twt->requestAccessToken()
#2 /Users/yegortokmakov/www/sample1/protected/components/TwitterData.php(18): Twt->requestRateLimits()
#3 /Users/yegortokmakov/www/sample1/protected/controllers/SiteController.php(27): TwitterData->getSearchRates()
#4 /Users/yegortokmakov/www/sample1/vendor/yiisoft/yii/framework/web/actions/CInlineAction.php(49): SiteController->actionIndex()
#5 /Users/yegortokmakov/www/sample1/vendor/yiisoft/yii/framework/web/CController.php(308): CInlineAction->runWithParams()
#6 /Users/yegortokmakov/www/sample1/vendor/yiisoft/yii/framework/web/CController.php(286): SiteController->runAction()
#7 /Users/yegortokmakov/www/sample1/vendor/yiisoft/yii/framework/web/CController.php(265): SiteController->runActionWithFilters()
#8 /Users/yegortokmakov/www/sample1/vendor/yiisoft/yii/framework/web/CWebApplication.php(282): SiteController->run()
#9 /Users/yegortokmakov/www/sample1/vendor/yiisoft/yii/framework/web/CWebApplication.php(141): CWebApplication->runController()
#10 /Users/yegortokmakov/www/sample1/vendor/yiisoft/yii/framework/base/CApplication.php(184): CWebApplication->processRequest()
#11 /Users/yegortokmakov/www/sample1/index.php(21): CWebApplication->run()
REQUEST_URI=/
in /Users/yegortokmakov/www/sample1/protected/extensions/Twt/Twt.php (48)
in /Users/yegortokmakov/www/sample1/protected/extensions/Twt/Twt.php (63)
in /Users/yegortokmakov/www/sample1/protected/components/TwitterData.php (18)
2014/06/01 14:21:14 [error] [php] include(Twt.php): failed to open stream: No such file or directory (/Users/yegortokmakov/www/sample1/vendor/yiisoft/yii/framework/YiiBase.php:432)
Stack trace:
#0 /Users/yegortokmakov/www/sample1/vendor/yiisoft/yii/framework/YiiBase.php(217): spl_autoload_call()
#1 /Users/yegortokmakov/www/sample1/vendor/yiisoft/yii/framework/base/CModule.php(392): createComponent()
#2 /Users/yegortokmakov/www/sample1/vendor/yiisoft/yii/framework/base/CModule.php(103): CWebApplication->getComponent()
#3 /Users/yegortokmakov/www/sample1/protected/components/TwitterData.php(18): CWebApplication->__get()
#4 /Users/yegortokmakov/www/sample1/protected/controllers/SiteController.php(27): TwitterData->getSearchRates()
#5 /Users/yegortokmakov/www/sample1/vendor/yiisoft/yii/framework/web/actions/CInlineAction.php(49): SiteController->actionIndex()
#6 /Users/yegortokmakov/www/sample1/vendor/yiisoft/yii/framework/web/CController.php(308): CInlineAction->runWithParams()
#7 /Users/yegortokmakov/www/sample1/vendor/yiisoft/yii/framework/web/CController.php(286): SiteController->runAction()
#8 /Users/yegortokmakov/www/sample1/vendor/yiisoft/yii/framework/web/CController.php(265): SiteController->runActionWithFilters()
#9 /Users/yegortokmakov/www/sample1/vendor/yiisoft/yii/framework/web/CWebApplication.php(282): SiteController->run()
#10 /Users/yegortokmakov/www/sample1/vendor/yiisoft/yii/framework/web/CWebApplication.php(141): CWebApplication->runController()
#11 /Users/yegortokmakov/www/sample1/vendor/yiisoft/yii/framework/base/CApplication.php(184): CWebApplication->processRequest()
#12 /Users/yegortokmakov/www/sample1/index.php(21): CWebApplication->run()
REQUEST_URI=/
in /Users/yegortokmakov/www/sample1/protected/components/TwitterData.php (18)
in /Users/yegortokmakov/www/sample1/protected/controllers/SiteController.php (27)
in /Users/yegortokmakov/www/sample1/index.php (21)
2014/06/01 14:35:26 [error] [php] include(TwtException.php): failed to open stream: No such file or directory (/Users/yegortokmakov/www/sample1/vendor/yiisoft/yii/framework/YiiBase.php:432)
Stack trace:
#0 /Users/yegortokmakov/www/sample1/protected/extensions/Twt/Twt.php(48): spl_autoload_call()
#1 /Users/yegortokmakov/www/sample1/protected/extensions/Twt/Twt.php(63): Twt->requestAccessToken()
#2 /Users/yegortokmakov/www/sample1/protected/components/TwitterData.php(18): Twt->requestRateLimits()
#3 /Users/yegortokmakov/www/sample1/protected/controllers/SiteController.php(27): TwitterData->getSearchRates()
#4 /Users/yegortokmakov/www/sample1/vendor/yiisoft/yii/framework/web/actions/CInlineAction.php(49): SiteController->actionIndex()
#5 /Users/yegortokmakov/www/sample1/vendor/yiisoft/yii/framework/web/CController.php(308): CInlineAction->runWithParams()
#6 /Users/yegortokmakov/www/sample1/vendor/yiisoft/yii/framework/web/CController.php(286): SiteController->runAction()
#7 /Users/yegortokmakov/www/sample1/vendor/yiisoft/yii/framework/web/CController.php(265): SiteController->runActionWithFilters()
#8 /Users/yegortokmakov/www/sample1/vendor/yiisoft/yii/framework/web/CWebApplication.php(282): SiteController->run()
#9 /Users/yegortokmakov/www/sample1/vendor/yiisoft/yii/framework/web/CWebApplication.php(141): CWebApplication->runController()
#10 /Users/yegortokmakov/www/sample1/vendor/yiisoft/yii/framework/base/CApplication.php(184): CWebApplication->processRequest()
#11 /Users/yegortokmakov/www/sample1/index.php(21): CWebApplication->run()
REQUEST_URI=/
in /Users/yegortokmakov/www/sample1/protected/extensions/Twt/Twt.php (48)
in /Users/yegortokmakov/www/sample1/protected/extensions/Twt/Twt.php (63)
in /Users/yegortokmakov/www/sample1/protected/components/TwitterData.php (18)
2014/06/01 14:35:59 [error] [php] include(TwtException.php): failed to open stream: No such file or directory (/Users/yegortokmakov/www/sample1/vendor/yiisoft/yii/framework/YiiBase.php:432)
Stack trace:
#0 /Users/yegortokmakov/www/sample1/protected/extensions/Twt/Twt.php(48): spl_autoload_call()
#1 /Users/yegortokmakov/www/sample1/protected/extensions/Twt/Twt.php(63): Twt->requestAccessToken()
#2 /Users/yegortokmakov/www/sample1/protected/components/TwitterData.php(18): Twt->requestRateLimits()
#3 /Users/yegortokmakov/www/sample1/protected/controllers/SiteController.php(27): TwitterData->getSearchRates()
#4 /Users/yegortokmakov/www/sample1/vendor/yiisoft/yii/framework/web/actions/CInlineAction.php(49): SiteController->actionIndex()
#5 /Users/yegortokmakov/www/sample1/vendor/yiisoft/yii/framework/web/CController.php(308): CInlineAction->runWithParams()
#6 /Users/yegortokmakov/www/sample1/vendor/yiisoft/yii/framework/web/CController.php(286): SiteController->runAction()
#7 /Users/yegortokmakov/www/sample1/vendor/yiisoft/yii/framework/web/CController.php(265): SiteController->runActionWithFilters()
#8 /Users/yegortokmakov/www/sample1/vendor/yiisoft/yii/framework/web/CWebApplication.php(282): SiteController->run()
#9 /Users/yegortokmakov/www/sample1/vendor/yiisoft/yii/framework/web/CWebApplication.php(141): CWebApplication->runController()
#10 /Users/yegortokmakov/www/sample1/vendor/yiisoft/yii/framework/base/CApplication.php(184): CWebApplication->processRequest()
#11 /Users/yegortokmakov/www/sample1/index.php(21): CWebApplication->run()
REQUEST_URI=/
in /Users/yegortokmakov/www/sample1/protected/extensions/Twt/Twt.php (48)
in /Users/yegortokmakov/www/sample1/protected/extensions/Twt/Twt.php (63)
in /Users/yegortokmakov/www/sample1/protected/components/TwitterData.php (18)
2014/06/01 14:36:11 [error] [exception.TwtException] exception 'TwtException' with message 'CURL: Internal SSL engine error encountered during the SSL handshake(35)' in /Users/yegortokmakov/www/sample1/protected/extensions/Twt/Twt.php:48
Stack trace:
#0 /Users/yegortokmakov/www/sample1/protected/extensions/Twt/Twt.php(63): Twt->requestAccessToken()
#1 /Users/yegortokmakov/www/sample1/protected/components/TwitterData.php(18): Twt->requestRateLimits()
#2 /Users/yegortokmakov/www/sample1/protected/controllers/SiteController.php(27): TwitterData->getSearchRates()
#3 /Users/yegortokmakov/www/sample1/vendor/yiisoft/yii/framework/web/actions/CInlineAction.php(49): SiteController->actionIndex()
#4 /Users/yegortokmakov/www/sample1/vendor/yiisoft/yii/framework/web/CController.php(308): CInlineAction->runWithParams(Array)
#5 /Users/yegortokmakov/www/sample1/vendor/yiisoft/yii/framework/web/CController.php(286): CController->runAction(Object(CInlineAction))
#6 /Users/yegortokmakov/www/sample1/vendor/yiisoft/yii/framework/web/CController.php(265): CController->runActionWithFilters(Object(CInlineAction), Array)
#7 /Users/yegortokmakov/www/sample1/vendor/yiisoft/yii/framework/web/CWebApplication.php(282): CController->run('')
#8 /Users/yegortokmakov/www/sample1/vendor/yiisoft/yii/framework/web/CWebApplication.php(141): CWebApplication->runController('')
#9 /Users/yegortokmakov/www/sample1/vendor/yiisoft/yii/framework/base/CApplication.php(184): CWebApplication->processRequest()
#10 /Users/yegortokmakov/www/sample1/index.php(21): CApplication->run()
#11 {main}
REQUEST_URI=/
---
2014/06/01 14:36:28 [error] [exception.TwtException] exception 'TwtException' with message 'CURL: Internal SSL engine error encountered during the SSL handshake(35)' in /Users/yegortokmakov/www/sample1/protected/extensions/Twt/Twt.php:46
Stack trace:
#0 /Users/yegortokmakov/www/sample1/protected/extensions/Twt/Twt.php(61): Twt->requestAccessToken()
#1 /Users/yegortokmakov/www/sample1/protected/components/TwitterData.php(18): Twt->requestRateLimits()
#2 /Users/yegortokmakov/www/sample1/protected/controllers/SiteController.php(27): TwitterData->getSearchRates()
#3 /Users/yegortokmakov/www/sample1/vendor/yiisoft/yii/framework/web/actions/CInlineAction.php(49): SiteController->actionIndex()
#4 /Users/yegortokmakov/www/sample1/vendor/yiisoft/yii/framework/web/CController.php(308): CInlineAction->runWithParams(Array)
#5 /Users/yegortokmakov/www/sample1/vendor/yiisoft/yii/framework/web/CController.php(286): CController->runAction(Object(CInlineAction))
#6 /Users/yegortokmakov/www/sample1/vendor/yiisoft/yii/framework/web/CController.php(265): CController->runActionWithFilters(Object(CInlineAction), Array)
#7 /Users/yegortokmakov/www/sample1/vendor/yiisoft/yii/framework/web/CWebApplication.php(282): CController->run('')
#8 /Users/yegortokmakov/www/sample1/vendor/yiisoft/yii/framework/web/CWebApplication.php(141): CWebApplication->runController('')
#9 /Users/yegortokmakov/www/sample1/vendor/yiisoft/yii/framework/base/CApplication.php(184): CWebApplication->processRequest()
#10 /Users/yegortokmakov/www/sample1/index.php(21): CApplication->run()
#11 {main}
REQUEST_URI=/
---
2014/06/01 14:38:04 [error] [exception.TwtException] exception 'TwtException' with message 'CURL: Internal SSL engine error encountered during the SSL handshake(35)' in /Users/yegortokmakov/www/sample1/protected/extensions/Twt/Twt.php:46
Stack trace:
#0 /Users/yegortokmakov/www/sample1/protected/extensions/Twt/Twt.php(61): Twt->requestAccessToken()
#1 /Users/yegortokmakov/www/sample1/protected/components/TwitterData.php(18): Twt->requestRateLimits()
#2 /Users/yegortokmakov/www/sample1/protected/controllers/SiteController.php(27): TwitterData->getSearchRates()
#3 /Users/yegortokmakov/www/sample1/vendor/yiisoft/yii/framework/web/actions/CInlineAction.php(49): SiteController->actionIndex()
#4 /Users/yegortokmakov/www/sample1/vendor/yiisoft/yii/framework/web/CController.php(308): CInlineAction->runWithParams(Array)
#5 /Users/yegortokmakov/www/sample1/vendor/yiisoft/yii/framework/web/CController.php(286): CController->runAction(Object(CInlineAction))
#6 /Users/yegortokmakov/www/sample1/vendor/yiisoft/yii/framework/web/CController.php(265): CController->runActionWithFilters(Object(CInlineAction), Array)
#7 /Users/yegortokmakov/www/sample1/vendor/yiisoft/yii/framework/web/CWebApplication.php(282): CController->run('')
#8 /Users/yegortokmakov/www/sample1/vendor/yiisoft/yii/framework/web/CWebApplication.php(141): CWebApplication->runController('')
#9 /Users/yegortokmakov/www/sample1/vendor/yiisoft/yii/framework/base/CApplication.php(184): CWebApplication->processRequest()
#10 /Users/yegortokmakov/www/sample1/index.php(21): CApplication->run()
#11 {main}
REQUEST_URI=/
---
2014/06/01 14:41:58 [error] [php] date(): It is not safe to rely on the system's timezone settings. You are *required* to use the date.timezone setting or the date_default_timezone_set() function. In case you used any of those methods and you are still getting this warning, you most likely misspelled the timezone identifier. We selected the timezone 'UTC' for now, but please set date.timezone to select your timezone. (/Users/yegortokmakov/www/sample1/protected/views/site/cloud.php:35)
Stack trace:
#0 /Users/yegortokmakov/www/sample1/vendor/yiisoft/yii/framework/web/CBaseController.php(95): SiteController->renderInternal()
#1 /Users/yegortokmakov/www/sample1/vendor/yiisoft/yii/framework/web/CController.php(869): SiteController->renderFile()
#2 /Users/yegortokmakov/www/sample1/vendor/yiisoft/yii/framework/web/CController.php(782): SiteController->renderPartial()
#3 /Users/yegortokmakov/www/sample1/protected/controllers/SiteController.php(28): SiteController->render()
#4 /Users/yegortokmakov/www/sample1/vendor/yiisoft/yii/framework/web/actions/CInlineAction.php(49): SiteController->actionIndex()
#5 /Users/yegortokmakov/www/sample1/vendor/yiisoft/yii/framework/web/CController.php(308): CInlineAction->runWithParams()
#6 /Users/yegortokmakov/www/sample1/vendor/yiisoft/yii/framework/web/CController.php(286): SiteController->runAction()
#7 /Users/yegortokmakov/www/sample1/vendor/yiisoft/yii/framework/web/CController.php(265): SiteController->runActionWithFilters()
#8 /Users/yegortokmakov/www/sample1/vendor/yiisoft/yii/framework/web/CWebApplication.php(282): SiteController->run()
#9 /Users/yegortokmakov/www/sample1/vendor/yiisoft/yii/framework/web/CWebApplication.php(141): CWebApplication->runController()
#10 /Users/yegortokmakov/www/sample1/vendor/yiisoft/yii/framework/base/CApplication.php(184): CWebApplication->processRequest()
#11 /Users/yegortokmakov/www/sample1/index.php(21): CWebApplication->run()
REQUEST_URI=/
in /Users/yegortokmakov/www/sample1/protected/views/site/cloud.php (35)
in /Users/yegortokmakov/www/sample1/protected/controllers/SiteController.php (28)
in /Users/yegortokmakov/www/sample1/index.php (21)
2014/06/01 17:11:58 [error] [exception.CException] exception 'CException' with message 'Property "CConsoleApplication.TwitterData" is not defined.' in /Users/yegortokmakov/www/sample1/vendor/yiisoft/yii/framework/base/CComponent.php:130
Stack trace:
#0 /Users/yegortokmakov/www/sample1/vendor/yiisoft/yii/framework/base/CModule.php(105): CComponent->__get('TwitterData')
#1 /Users/yegortokmakov/www/sample1/protected/commands/CacheCommand.php(7): CModule->__get('TwitterData')
#2 [internal function]: CacheCommand->actionIndex()
#3 /Users/yegortokmakov/www/sample1/vendor/yiisoft/yii/framework/console/CConsoleCommand.php(172): ReflectionMethod->invokeArgs(Object(CacheCommand), Array)
#4 /Users/yegortokmakov/www/sample1/vendor/yiisoft/yii/framework/console/CConsoleCommandRunner.php(71): CConsoleCommand->run(Array)
#5 /Users/yegortokmakov/www/sample1/vendor/yiisoft/yii/framework/console/CConsoleApplication.php(92): CConsoleCommandRunner->run(Array)
#6 /Users/yegortokmakov/www/sample1/vendor/yiisoft/yii/framework/base/CApplication.php(184): CConsoleApplication->processRequest()
#7 /Users/yegortokmakov/www/sample1/vendor/yiisoft/yii/framework/yiic.php(33): CApplication->run()
#8 /Users/yegortokmakov/www/sample1/protected/yiic.php(7): require_once('/Users/yegortok...')
#9 /Users/yegortokmakov/www/sample1/protected/yiic(4): require_once('/Users/yegortok...')
#10 {main}
---
2014/06/01 17:14:36 [error] [exception.CException] exception 'CException' with message 'Property "CConsoleApplication.TwitterData" is not defined.' in /Users/yegortokmakov/www/sample1/vendor/yiisoft/yii/framework/base/CComponent.php:130
Stack trace:
#0 /Users/yegortokmakov/www/sample1/vendor/yiisoft/yii/framework/base/CModule.php(105): CComponent->__get('TwitterData')
#1 /Users/yegortokmakov/www/sample1/protected/commands/CacheCommand.php(7): CModule->__get('TwitterData')
#2 [internal function]: CacheCommand->actionIndex()
#3 /Users/yegortokmakov/www/sample1/vendor/yiisoft/yii/framework/console/CConsoleCommand.php(172): ReflectionMethod->invokeArgs(Object(CacheCommand), Array)
#4 /Users/yegortokmakov/www/sample1/vendor/yiisoft/yii/framework/console/CConsoleCommandRunner.php(71): CConsoleCommand->run(Array)
#5 /Users/yegortokmakov/www/sample1/vendor/yiisoft/yii/framework/console/CConsoleApplication.php(92): CConsoleCommandRunner->run(Array)
#6 /Users/yegortokmakov/www/sample1/vendor/yiisoft/yii/framework/base/CApplication.php(184): CConsoleApplication->processRequest()
#7 /Users/yegortokmakov/www/sample1/vendor/yiisoft/yii/framework/yiic.php(33): CApplication->run()
#8 /Users/yegortokmakov/www/sample1/protected/yiic.php(7): require_once('/Users/yegortok...')
#9 /Users/yegortokmakov/www/sample1/protected/yiic(4): require_once('/Users/yegortok...')
#10 {main}
---
2014/06/01 17:47:41 [error] [exception.CException] exception 'CException' with message 'Property "CDbCriteria.:key" is not defined.' in /Users/yegortokmakov/www/sample1/vendor/yiisoft/yii/framework/base/CComponent.php:173
Stack trace:
#0 /Users/yegortokmakov/www/sample1/vendor/yiisoft/yii/framework/db/schema/CDbCriteria.php(160): CComponent->__set(':key', '1')
#1 /Users/yegortokmakov/www/sample1/vendor/yiisoft/yii/framework/db/schema/CDbCommandBuilder.php(585): CDbCriteria->__construct(Array)
#2 /Users/yegortokmakov/www/sample1/vendor/yiisoft/yii/framework/db/schema/CDbCommandBuilder.php(614): CDbCommandBuilder->createCriteria(Array, Array)
#3 /Users/yegortokmakov/www/sample1/vendor/yiisoft/yii/framework/db/ar/CActiveRecord.php(1488): CDbCommandBuilder->createPkCriteria(Object(CDbTableSchema), 'id=:key', Array, Array, ''t'.')
#4 /Users/yegortokmakov/www/sample1/protected/components/TwitterData.php(31): CActiveRecord->findByPk('id=:key', Array)
#5 /Users/yegortokmakov/www/sample1/protected/commands/CacheCommand.php(29): TwitterData->deleteCacheEntry('1')
#6 [internal function]: CacheCommand->actionDelete('1')
#7 /Users/yegortokmakov/www/sample1/vendor/yiisoft/yii/framework/console/CConsoleCommand.php(172): ReflectionMethod->invokeArgs(Object(CacheCommand), Array)
#8 /Users/yegortokmakov/www/sample1/vendor/yiisoft/yii/framework/console/CConsoleCommandRunner.php(71): CConsoleCommand->run(Array)
#9 /Users/yegortokmakov/www/sample1/vendor/yiisoft/yii/framework/console/CConsoleApplication.php(92): CConsoleCommandRunner->run(Array)
#10 /Users/yegortokmakov/www/sample1/vendor/yiisoft/yii/framework/base/CApplication.php(184): CConsoleApplication->processRequest()
#11 /Users/yegortokmakov/www/sample1/vendor/yiisoft/yii/framework/yiic.php(33): CApplication->run()
#12 /Users/yegortokmakov/www/sample1/protected/yiic.php(7): require_once('/Users/yegortok...')
#13 /Users/yegortokmakov/www/sample1/protected/yiic(4): require_once('/Users/yegortok...')
#14 {main}
---
